This file contains any messages produced by compilers while
running configure, to aid debugging if configure makes a mistake.

It was created by gzip configure 1.3.12, which was
generated by GNU Autoconf 2.61.  Invocation command line was

  $ ./configure --host=arm-linux-elf --prefix=/nonexistent --disable-largefile --enable-static=yes --enable-shared=no

## --------- ##
## Platform. ##
## --------- ##

hostname = jenkins
uname -m = i686
uname -r = 3.2.0-4-686-pae
uname -s = Linux
uname -v = #1 SMP Debian 3.2.78-1

/usr/bin/uname -p = unknown
/bin/uname -X     = unknown

/bin/arch              = unknown
/usr/bin/arch -k       = unknown
/usr/convex/getsysinfo = unknown
/usr/bin/hostinfo      = unknown
/bin/machine           = unknown
/usr/bin/oslevel       = unknown
/bin/universe          = unknown

PATH: /usr/local/dslinux-toolchain-2008-01-24-i686/bin
PATH: /usr/local/bin
PATH: /usr/bin
PATH: /bin
PATH: /usr/local/games
PATH: /usr/games
PATH: /home/andrewec/dslinux/tools


## ----------- ##
## Core tests. ##
## ----------- ##

configure:1854: checking for a BSD-compatible install
configure:1910: result: /usr/bin/install -c
configure:1921: checking whether build environment is sane
configure:1964: result: yes
configure:1992: checking for a thread-safe mkdir -p
configure:2031: result: /bin/mkdir -p
configure:2044: checking for gawk
configure:2060: found /usr/bin/gawk
configure:2071: result: gawk
configure:2082: checking whether make sets $(MAKE)
configure:2103: result: yes
configure:2183: checking for arm-linux-elf-strip
configure:2210: result: arm-linux-elf-strip
configure:2304: checking for style of include used by make
configure:2332: result: GNU
configure:2362: checking for arm-linux-elf-gcc
configure:2389: result: ucfront-gcc arm-linux-elf-gcc 
configure:2667: checking for C compiler version
configure:2674: ucfront-gcc arm-linux-elf-gcc  --version >&5
arm-linux-elf-gcc (GCC) 4.0.4
Copyright (C) 2006 Free Software Foundation, Inc.
This is free software; see the source for copying conditions.  There is NO
warranty; not even for MERCHANTABILITY or FITNESS FOR A PARTICULAR PURPOSE.

configure:2677: $? = 0
configure:2684: ucfront-gcc arm-linux-elf-gcc  -v >&5
Using built-in specs.
Target: arm-linux-elf
Configured with: /src/toolchain/src/gcc-4.0.4/configure --prefix=/src/toolchain/prefix --with-sysroot=/src/toolchain/prefix/arm-linux-elf --target=arm-linux-elf --enable-languages=c,c++ --enable-multilib --with-cpu=arm7tdmi --with-gcc --with-gnu-ld --with-gnu-as --disable-shared --disable-threads --disable-nls --disable-libssp
Thread model: single
gcc version 4.0.4
configure:2687: $? = 0
configure:2694: ucfront-gcc arm-linux-elf-gcc  -V >&5
arm-linux-elf-gcc: '-V' option must have argument
configure:2697: $? = 1
configure:2720: checking for C compiler default output file name
configure:2747: ucfront-gcc arm-linux-elf-gcc  -O2 -g -fomit-frame-pointer -fno-common -fno-builtin -Wall  -mswp-byte-writes -DCONFIG_NDS_ROM8BIT -mcpu=arm946e-s -mfpu=fpe3 -DEMBED -D__PIC__ -fpic -msingle-pic-base -Dlinux -D__linux__ -Dunix -D__uClinux__  -Wl,-elf2flt -D__PIC__ -fpic -msingle-pic-base -mswp-byte-writes conftest.c  >&5
No relocations in code!
configure:2750: $? = 0
configure:2788: result: a.out
configure:2805: checking whether the C compiler works
configure:2815: ./a.out
./a.out: 1: ./a.out: bFLTPàÐÐi: not found
./a.out: 1: ./a.out: Ÿå: not found
./a.out: 2: ./a.out: 0ÿ/á0Ÿå: not found
./a.out: 1: ./a.out: ƒå0CâSáûÿÿ á ãØëPã3: not found
./a.out: 2: ./a.out: àpŸåPšç0•åSã#: not found
./a.out: 3: ./a.out: Sã: not found
./a.out: 4: ./a.out: : not found
./a.out: 5: ./a.out: Sã: not found
./a.out: 6: ./a.out: ë0ƒâ áŒ: not found
./a.out: 1: ./a.out: ƒl0ŸåTã: not found
./a.out: 6: ./a.out: þÿÿê0 ã ã0‚å: not found
./a.out: 2: ./a.out: 4ÿ/áP0Ÿå0šçSã: not found
./a.out: 14: ./a.out: å0 á€Mâ: not found
./a.out: 3: ./a.out: 3ÿ/á0 ã0€å80Ÿå0šçSã: not found
./a.out: 4: ./a.out: 3ÿ/á0 ã0€å á: not found
./a.out: 5: ./a.out: ë,: not found
./a.out: 6: ./a.out:  á2ÿ/á áƒë40Ÿå: not found
./a.out: 7: ./a.out: 2ÿ/á: not found
./a.out: 8: ./a.out: 3ÿ/á áPë0$: not found
./a.out: 1: ./a.out: ’° ãåå: not found
./a.out: 15: ./a.out: pã@ á€½˜ë0dâ0€å€½è@-é¯ï: not found
./a.out: 27: ./a.out: Syntax error: EOF in backquote substitution
configure:2818: $? = 2
configure:2835: result: yes
configure:2842: checking whether we are cross compiling
configure:2844: result: yes
configure:2847: checking for suffix of executables
configure:2854: ucfront-gcc arm-linux-elf-gcc  -o conftest -O2 -g -fomit-frame-pointer -fno-common -fno-builtin -Wall  -mswp-byte-writes -DCONFIG_NDS_ROM8BIT -mcpu=arm946e-s -mfpu=fpe3 -DEMBED -D__PIC__ -fpic -msingle-pic-base -Dlinux -D__linux__ -Dunix -D__uClinux__  -Wl,-elf2flt -D__PIC__ -fpic -msingle-pic-base -mswp-byte-writes conftest.c  >&5
No relocations in code!
configure:2857: $? = 0
configure:2881: result: 
configure:2887: checking for suffix of object files
configure:2913: ucfront-gcc arm-linux-elf-gcc  -c -O2 -g -fomit-frame-pointer -fno-common -fno-builtin -Wall  -mswp-byte-writes -DCONFIG_NDS_ROM8BIT -mcpu=arm946e-s -mfpu=fpe3 -DEMBED -D__PIC__ -fpic -msingle-pic-base -Dlinux -D__linux__ -Dunix -D__uClinux__  conftest.c >&5
configure:2916: $? = 0
configure:2939: result: o
configure:2943: checking whether we are using the GNU C compiler
configure:2972: ucfront-gcc arm-linux-elf-gcc  -c -O2 -g -fomit-frame-pointer -fno-common -fno-builtin -Wall  -mswp-byte-writes -DCONFIG_NDS_ROM8BIT -mcpu=arm946e-s -mfpu=fpe3 -DEMBED -D__PIC__ -fpic -msingle-pic-base -Dlinux -D__linux__ -Dunix -D__uClinux__  conftest.c >&5
configure:2978: $? = 0
configure:2995: result: yes
configure:3000: checking whether ucfront-gcc arm-linux-elf-gcc  accepts -g
configure:3030: ucfront-gcc arm-linux-elf-gcc  -c -g  conftest.c >&5
configure:3036: $? = 0
configure:3135: result: yes
configure:3152: checking for ucfront-gcc arm-linux-elf-gcc  option to accept ISO C89
configure:3226: ucfront-gcc arm-linux-elf-gcc   -c -O2 -g -fomit-frame-pointer -fno-common -fno-builtin -Wall  -mswp-byte-writes -DCONFIG_NDS_ROM8BIT -mcpu=arm946e-s -mfpu=fpe3 -DEMBED -D__PIC__ -fpic -msingle-pic-base -Dlinux -D__linux__ -Dunix -D__uClinux__  conftest.c >&5
configure:3232: $? = 0
configure:3255: result: none needed
configure:3275: checking dependency style of ucfront-gcc arm-linux-elf-gcc 
configure:3366: result: gcc3
configure:3383: checking for ucfront-gcc arm-linux-elf-gcc  option to accept ISO C99
configure:3542: ucfront-gcc arm-linux-elf-gcc   -c -O2 -g -fomit-frame-pointer -fno-common -fno-builtin -Wall  -mswp-byte-writes -DCONFIG_NDS_ROM8BIT -mcpu=arm946e-s -mfpu=fpe3 -DEMBED -D__PIC__ -fpic -msingle-pic-base -Dlinux -D__linux__ -Dunix -D__uClinux__  conftest.c >&5
In file included from conftest.c:13:
/home/andrewec/dslinux/uClibc/include/wchar.h:32:2: error: #error Attempted to include wchar.h when uClibc built without wide char support.
conftest.c:60: error: syntax error before 'text'
conftest.c: In function 'test_restrict':
conftest.c:65: error: 'for' loop initial declaration used outside C99 mode
conftest.c:65: error: 'text' undeclared (first use in this function)
conftest.c:65: error: (Each undeclared identifier is reported only once
conftest.c:65: error: for each function it appears in.)
conftest.c: In function 'main':
conftest.c:114: error: syntax error before 'newvar'
conftest.c:124: error: 'for' loop initial declaration used outside C99 mode
conftest.c:140: error: 'newvar' undeclared (first use in this function)
configure:3548: $? = 1
configure: failed program was:
| /* confdefs.h.  */
| #define PACKAGE_NAME "gzip"
| #define PACKAGE_TARNAME "gzip"
| #define PACKAGE_VERSION "1.3.12"
| #define PACKAGE_STRING "gzip 1.3.12"
| #define PACKAGE_BUGREPORT "bug-gzip@gnu.org"
| #define PACKAGE "gzip"
| #define VERSION "1.3.12"
| /* end confdefs.h.  */
| #include <stdarg.h>
| #include <stdbool.h>
| #include <stdlib.h>
| #include <wchar.h>
| #include <stdio.h>
| 
| // Check varargs macros.  These examples are taken from C99 6.10.3.5.
| #define debug(...) fprintf (stderr, __VA_ARGS__)
| #define showlist(...) puts (#__VA_ARGS__)
| #define report(test,...) ((test) ? puts (#test) : printf (__VA_ARGS__))
| static void
| test_varargs_macros (void)
| {
|   int x = 1234;
|   int y = 5678;
|   debug ("Flag");
|   debug ("X = %d\n", x);
|   showlist (The first, second, and third items.);
|   report (x>y, "x is %d but y is %d", x, y);
| }
| 
| // Check long long types.
| #define BIG64 18446744073709551615ull
| #define BIG32 4294967295ul
| #define BIG_OK (BIG64 / BIG32 == 4294967297ull && BIG64 % BIG32 == 0)
| #if !BIG_OK
|   your preprocessor is broken;
| #endif
| #if BIG_OK
| #else
|   your preprocessor is broken;
| #endif
| static long long int bignum = -9223372036854775807LL;
| static unsigned long long int ubignum = BIG64;
| 
| struct incomplete_array
| {
|   int datasize;
|   double data[];
| };
| 
| struct named_init {
|   int number;
|   const wchar_t *name;
|   double average;
| };
| 
| typedef const char *ccp;
| 
| static inline int
| test_restrict (ccp restrict text)
| {
|   // See if C++-style comments work.
|   // Iterate through items via the restricted pointer.
|   // Also check for declarations in for loops.
|   for (unsigned int i = 0; *(text+i) != '\0'; ++i)
|     continue;
|   return 0;
| }
| 
| // Check varargs and va_copy.
| static void
| test_varargs (const char *format, ...)
| {
|   va_list args;
|   va_start (args, format);
|   va_list args_copy;
|   va_copy (args_copy, args);
| 
|   const char *str;
|   int number;
|   float fnumber;
| 
|   while (*format)
|     {
|       switch (*format++)
| 	{
| 	case 's': // string
| 	  str = va_arg (args_copy, const char *);
| 	  break;
| 	case 'd': // int
| 	  number = va_arg (args_copy, int);
| 	  break;
| 	case 'f': // float
| 	  fnumber = va_arg (args_copy, double);
| 	  break;
| 	default:
| 	  break;
| 	}
|     }
|   va_end (args_copy);
|   va_end (args);
| }
| 
| int
| main ()
| {
| 
|   // Check bool.
|   _Bool success = false;
| 
|   // Check restrict.
|   if (test_restrict ("String literal") == 0)
|     success = true;
|   char *restrict newvar = "Another string";
| 
|   // Check varargs.
|   test_varargs ("s, d' f .", "string", 65, 34.234);
|   test_varargs_macros ();
| 
|   // Check flexible array members.
|   struct incomplete_array *ia =
|     malloc (sizeof (struct incomplete_array) + (sizeof (double) * 10));
|   ia->datasize = 10;
|   for (int i = 0; i < ia->datasize; ++i)
|     ia->data[i] = i * 1.234;
| 
|   // Check named initializers.
|   struct named_init ni = {
|     .number = 34,
|     .name = L"Test wide string",
|     .average = 543.34343,
|   };
| 
|   ni.number = 58;
| 
|   int dynamic_array[ni.number];
|   dynamic_array[ni.number - 1] = 543;
| 
|   // work around unused variable warnings
|   return (!success || bignum == 0LL || ubignum == 0uLL || newvar[0] == 'x'
| 	  || dynamic_array[ni.number - 1] != 543);
| 
|   ;
|   return 0;
| }
configure:3542: ucfront-gcc arm-linux-elf-gcc  -std=gnu99 -c -O2 -g -fomit-frame-pointer -fno-common -fno-builtin -Wall  -mswp-byte-writes -DCONFIG_NDS_ROM8BIT -mcpu=arm946e-s -mfpu=fpe3 -DEMBED -D__PIC__ -fpic -msingle-pic-base -Dlinux -D__linux__ -Dunix -D__uClinux__  conftest.c >&5
In file included from conftest.c:13:
/home/andrewec/dslinux/uClibc/include/wchar.h:32:2: error: #error Attempted to include wchar.h when uClibc built without wide char support.
configure:3548: $? = 1
configure: failed program was:
| /* confdefs.h.  */
| #define PACKAGE_NAME "gzip"
| #define PACKAGE_TARNAME "gzip"
| #define PACKAGE_VERSION "1.3.12"
| #define PACKAGE_STRING "gzip 1.3.12"
| #define PACKAGE_BUGREPORT "bug-gzip@gnu.org"
| #define PACKAGE "gzip"
| #define VERSION "1.3.12"
| /* end confdefs.h.  */
| #include <stdarg.h>
| #include <stdbool.h>
| #include <stdlib.h>
| #include <wchar.h>
| #include <stdio.h>
| 
| // Check varargs macros.  These examples are taken from C99 6.10.3.5.
| #define debug(...) fprintf (stderr, __VA_ARGS__)
| #define showlist(...) puts (#__VA_ARGS__)
| #define report(test,...) ((test) ? puts (#test) : printf (__VA_ARGS__))
| static void
| test_varargs_macros (void)
| {
|   int x = 1234;
|   int y = 5678;
|   debug ("Flag");
|   debug ("X = %d\n", x);
|   showlist (The first, second, and third items.);
|   report (x>y, "x is %d but y is %d", x, y);
| }
| 
| // Check long long types.
| #define BIG64 18446744073709551615ull
| #define BIG32 4294967295ul
| #define BIG_OK (BIG64 / BIG32 == 4294967297ull && BIG64 % BIG32 == 0)
| #if !BIG_OK
|   your preprocessor is broken;
| #endif
| #if BIG_OK
| #else
|   your preprocessor is broken;
| #endif
| static long long int bignum = -9223372036854775807LL;
| static unsigned long long int ubignum = BIG64;
| 
| struct incomplete_array
| {
|   int datasize;
|   double data[];
| };
| 
| struct named_init {
|   int number;
|   const wchar_t *name;
|   double average;
| };
| 
| typedef const char *ccp;
| 
| static inline int
| test_restrict (ccp restrict text)
| {
|   // See if C++-style comments work.
|   // Iterate through items via the restricted pointer.
|   // Also check for declarations in for loops.
|   for (unsigned int i = 0; *(text+i) != '\0'; ++i)
|     continue;
|   return 0;
| }
| 
| // Check varargs and va_copy.
| static void
| test_varargs (const char *format, ...)
| {
|   va_list args;
|   va_start (args, format);
|   va_list args_copy;
|   va_copy (args_copy, args);
| 
|   const char *str;
|   int number;
|   float fnumber;
| 
|   while (*format)
|     {
|       switch (*format++)
| 	{
| 	case 's': // string
| 	  str = va_arg (args_copy, const char *);
| 	  break;
| 	case 'd': // int
| 	  number = va_arg (args_copy, int);
| 	  break;
| 	case 'f': // float
| 	  fnumber = va_arg (args_copy, double);
| 	  break;
| 	default:
| 	  break;
| 	}
|     }
|   va_end (args_copy);
|   va_end (args);
| }
| 
| int
| main ()
| {
| 
|   // Check bool.
|   _Bool success = false;
| 
|   // Check restrict.
|   if (test_restrict ("String literal") == 0)
|     success = true;
|   char *restrict newvar = "Another string";
| 
|   // Check varargs.
|   test_varargs ("s, d' f .", "string", 65, 34.234);
|   test_varargs_macros ();
| 
|   // Check flexible array members.
|   struct incomplete_array *ia =
|     malloc (sizeof (struct incomplete_array) + (sizeof (double) * 10));
|   ia->datasize = 10;
|   for (int i = 0; i < ia->datasize; ++i)
|     ia->data[i] = i * 1.234;
| 
|   // Check named initializers.
|   struct named_init ni = {
|     .number = 34,
|     .name = L"Test wide string",
|     .average = 543.34343,
|   };
| 
|   ni.number = 58;
| 
|   int dynamic_array[ni.number];
|   dynamic_array[ni.number - 1] = 543;
| 
|   // work around unused variable warnings
|   return (!success || bignum == 0LL || ubignum == 0uLL || newvar[0] == 'x'
| 	  || dynamic_array[ni.number - 1] != 543);
| 
|   ;
|   return 0;
| }
configure:3542: ucfront-gcc arm-linux-elf-gcc  -c99 -c -O2 -g -fomit-frame-pointer -fno-common -fno-builtin -Wall  -mswp-byte-writes -DCONFIG_NDS_ROM8BIT -mcpu=arm946e-s -mfpu=fpe3 -DEMBED -D__PIC__ -fpic -msingle-pic-base -Dlinux -D__linux__ -Dunix -D__uClinux__  conftest.c >&5
arm-linux-elf-gcc: unrecognized option '-c99'
In file included from conftest.c:13:
/home/andrewec/dslinux/uClibc/include/wchar.h:32:2: error: #error Attempted to include wchar.h when uClibc built without wide char support.
conftest.c:60: error: syntax error before 'text'
conftest.c: In function 'test_restrict':
conftest.c:65: error: 'for' loop initial declaration used outside C99 mode
conftest.c:65: error: 'text' undeclared (first use in this function)
conftest.c:65: error: (Each undeclared identifier is reported only once
conftest.c:65: error: for each function it appears in.)
conftest.c: In function 'main':
conftest.c:114: error: syntax error before 'newvar'
conftest.c:124: error: 'for' loop initial declaration used outside C99 mode
conftest.c:140: error: 'newvar' undeclared (first use in this function)
configure:3548: $? = 1
configure: failed program was:
| /* confdefs.h.  */
| #define PACKAGE_NAME "gzip"
| #define PACKAGE_TARNAME "gzip"
| #define PACKAGE_VERSION "1.3.12"
| #define PACKAGE_STRING "gzip 1.3.12"
| #define PACKAGE_BUGREPORT "bug-gzip@gnu.org"
| #define PACKAGE "gzip"
| #define VERSION "1.3.12"
| /* end confdefs.h.  */
| #include <stdarg.h>
| #include <stdbool.h>
| #include <stdlib.h>
| #include <wchar.h>
| #include <stdio.h>
| 
| // Check varargs macros.  These examples are taken from C99 6.10.3.5.
| #define debug(...) fprintf (stderr, __VA_ARGS__)
| #define showlist(...) puts (#__VA_ARGS__)
| #define report(test,...) ((test) ? puts (#test) : printf (__VA_ARGS__))
| static void
| test_varargs_macros (void)
| {
|   int x = 1234;
|   int y = 5678;
|   debug ("Flag");
|   debug ("X = %d\n", x);
|   showlist (The first, second, and third items.);
|   report (x>y, "x is %d but y is %d", x, y);
| }
| 
| // Check long long types.
| #define BIG64 18446744073709551615ull
| #define BIG32 4294967295ul
| #define BIG_OK (BIG64 / BIG32 == 4294967297ull && BIG64 % BIG32 == 0)
| #if !BIG_OK
|   your preprocessor is broken;
| #endif
| #if BIG_OK
| #else
|   your preprocessor is broken;
| #endif
| static long long int bignum = -9223372036854775807LL;
| static unsigned long long int ubignum = BIG64;
| 
| struct incomplete_array
| {
|   int datasize;
|   double data[];
| };
| 
| struct named_init {
|   int number;
|   const wchar_t *name;
|   double average;
| };
| 
| typedef const char *ccp;
| 
| static inline int
| test_restrict (ccp restrict text)
| {
|   // See if C++-style comments work.
|   // Iterate through items via the restricted pointer.
|   // Also check for declarations in for loops.
|   for (unsigned int i = 0; *(text+i) != '\0'; ++i)
|     continue;
|   return 0;
| }
| 
| // Check varargs and va_copy.
| static void
| test_varargs (const char *format, ...)
| {
|   va_list args;
|   va_start (args, format);
|   va_list args_copy;
|   va_copy (args_copy, args);
| 
|   const char *str;
|   int number;
|   float fnumber;
| 
|   while (*format)
|     {
|       switch (*format++)
| 	{
| 	case 's': // string
| 	  str = va_arg (args_copy, const char *);
| 	  break;
| 	case 'd': // int
| 	  number = va_arg (args_copy, int);
| 	  break;
| 	case 'f': // float
| 	  fnumber = va_arg (args_copy, double);
| 	  break;
| 	default:
| 	  break;
| 	}
|     }
|   va_end (args_copy);
|   va_end (args);
| }
| 
| int
| main ()
| {
| 
|   // Check bool.
|   _Bool success = false;
| 
|   // Check restrict.
|   if (test_restrict ("String literal") == 0)
|     success = true;
|   char *restrict newvar = "Another string";
| 
|   // Check varargs.
|   test_varargs ("s, d' f .", "string", 65, 34.234);
|   test_varargs_macros ();
| 
|   // Check flexible array members.
|   struct incomplete_array *ia =
|     malloc (sizeof (struct incomplete_array) + (sizeof (double) * 10));
|   ia->datasize = 10;
|   for (int i = 0; i < ia->datasize; ++i)
|     ia->data[i] = i * 1.234;
| 
|   // Check named initializers.
|   struct named_init ni = {
|     .number = 34,
|     .name = L"Test wide string",
|     .average = 543.34343,
|   };
| 
|   ni.number = 58;
| 
|   int dynamic_array[ni.number];
|   dynamic_array[ni.number - 1] = 543;
| 
|   // work around unused variable warnings
|   return (!success || bignum == 0LL || ubignum == 0uLL || newvar[0] == 'x'
| 	  || dynamic_array[ni.number - 1] != 543);
| 
|   ;
|   return 0;
| }
configure:3542: ucfront-gcc arm-linux-elf-gcc  -qlanglvl=extc99 -c -O2 -g -fomit-frame-pointer -fno-common -fno-builtin -Wall  -mswp-byte-writes -DCONFIG_NDS_ROM8BIT -mcpu=arm946e-s -mfpu=fpe3 -DEMBED -D__PIC__ -fpic -msingle-pic-base -Dlinux -D__linux__ -Dunix -D__uClinux__  conftest.c >&5
arm-linux-elf-gcc: unrecognized option '-qlanglvl=extc99'
In file included from conftest.c:13:
/home/andrewec/dslinux/uClibc/include/wchar.h:32:2: error: #error Attempted to include wchar.h when uClibc built without wide char support.
conftest.c:60: error: syntax error before 'text'
conftest.c: In function 'test_restrict':
conftest.c:65: error: 'for' loop initial declaration used outside C99 mode
conftest.c:65: error: 'text' undeclared (first use in this function)
conftest.c:65: error: (Each undeclared identifier is reported only once
conftest.c:65: error: for each function it appears in.)
conftest.c: In function 'main':
conftest.c:114: error: syntax error before 'newvar'
conftest.c:124: error: 'for' loop initial declaration used outside C99 mode
conftest.c:140: error: 'newvar' undeclared (first use in this function)
configure:3548: $? = 1
configure: failed program was:
| /* confdefs.h.  */
| #define PACKAGE_NAME "gzip"
| #define PACKAGE_TARNAME "gzip"
| #define PACKAGE_VERSION "1.3.12"
| #define PACKAGE_STRING "gzip 1.3.12"
| #define PACKAGE_BUGREPORT "bug-gzip@gnu.org"
| #define PACKAGE "gzip"
| #define VERSION "1.3.12"
| /* end confdefs.h.  */
| #include <stdarg.h>
| #include <stdbool.h>
| #include <stdlib.h>
| #include <wchar.h>
| #include <stdio.h>
| 
| // Check varargs macros.  These examples are taken from C99 6.10.3.5.
| #define debug(...) fprintf (stderr, __VA_ARGS__)
| #define showlist(...) puts (#__VA_ARGS__)
| #define report(test,...) ((test) ? puts (#test) : printf (__VA_ARGS__))
| static void
| test_varargs_macros (void)
| {
|   int x = 1234;
|   int y = 5678;
|   debug ("Flag");
|   debug ("X = %d\n", x);
|   showlist (The first, second, and third items.);
|   report (x>y, "x is %d but y is %d", x, y);
| }
| 
| // Check long long types.
| #define BIG64 18446744073709551615ull
| #define BIG32 4294967295ul
| #define BIG_OK (BIG64 / BIG32 == 4294967297ull && BIG64 % BIG32 == 0)
| #if !BIG_OK
|   your preprocessor is broken;
| #endif
| #if BIG_OK
| #else
|   your preprocessor is broken;
| #endif
| static long long int bignum = -9223372036854775807LL;
| static unsigned long long int ubignum = BIG64;
| 
| struct incomplete_array
| {
|   int datasize;
|   double data[];
| };
| 
| struct named_init {
|   int number;
|   const wchar_t *name;
|   double average;
| };
| 
| typedef const char *ccp;
| 
| static inline int
| test_restrict (ccp restrict text)
| {
|   // See if C++-style comments work.
|   // Iterate through items via the restricted pointer.
|   // Also check for declarations in for loops.
|   for (unsigned int i = 0; *(text+i) != '\0'; ++i)
|     continue;
|   return 0;
| }
| 
| // Check varargs and va_copy.
| static void
| test_varargs (const char *format, ...)
| {
|   va_list args;
|   va_start (args, format);
|   va_list args_copy;
|   va_copy (args_copy, args);
| 
|   const char *str;
|   int number;
|   float fnumber;
| 
|   while (*format)
|     {
|       switch (*format++)
| 	{
| 	case 's': // string
| 	  str = va_arg (args_copy, const char *);
| 	  break;
| 	case 'd': // int
| 	  number = va_arg (args_copy, int);
| 	  break;
| 	case 'f': // float
| 	  fnumber = va_arg (args_copy, double);
| 	  break;
| 	default:
| 	  break;
| 	}
|     }
|   va_end (args_copy);
|   va_end (args);
| }
| 
| int
| main ()
| {
| 
|   // Check bool.
|   _Bool success = false;
| 
|   // Check restrict.
|   if (test_restrict ("String literal") == 0)
|     success = true;
|   char *restrict newvar = "Another string";
| 
|   // Check varargs.
|   test_varargs ("s, d' f .", "string", 65, 34.234);
|   test_varargs_macros ();
| 
|   // Check flexible array members.
|   struct incomplete_array *ia =
|     malloc (sizeof (struct incomplete_array) + (sizeof (double) * 10));
|   ia->datasize = 10;
|   for (int i = 0; i < ia->datasize; ++i)
|     ia->data[i] = i * 1.234;
| 
|   // Check named initializers.
|   struct named_init ni = {
|     .number = 34,
|     .name = L"Test wide string",
|     .average = 543.34343,
|   };
| 
|   ni.number = 58;
| 
|   int dynamic_array[ni.number];
|   dynamic_array[ni.number - 1] = 543;
| 
|   // work around unused variable warnings
|   return (!success || bignum == 0LL || ubignum == 0uLL || newvar[0] == 'x'
| 	  || dynamic_array[ni.number - 1] != 543);
| 
|   ;
|   return 0;
| }
configure:3574: result: unsupported
configure:3584: checking for ucfront-gcc arm-linux-elf-gcc  option to accept ISO C89
configure:3687: result: none needed
configure:3708: checking for ucfront-gcc arm-linux-elf-gcc  option to accept ISO Standard C
configure:3717: result: none needed
configure:3725: checking whether ucfront-gcc arm-linux-elf-gcc  and cc understand -c and -o together
configure:3760: ucfront-gcc arm-linux-elf-gcc  -c conftest.c -o conftest2.o >&5
configure:3763: $? = 0
configure:3769: ucfront-gcc arm-linux-elf-gcc  -c conftest.c -o conftest2.o >&5
configure:3772: $? = 0
configure:3783: cc -c conftest.c >&5
configure:3786: $? = 0
configure:3794: cc -c conftest.c -o conftest2.o >&5
configure:3797: $? = 0
configure:3803: cc -c conftest.c -o conftest2.o >&5
configure:3806: $? = 0
configure:3824: result: yes
configure:3855: checking how to run the C preprocessor
configure:3895: ucfront-gcc arm-linux-elf-gcc  -E  conftest.c
configure:3901: $? = 0
configure:3932: ucfront-gcc arm-linux-elf-gcc  -E  conftest.c
conftest.c:10:28: error: ac_nonexistent.h: No such file or directory
configure:3938: $? = 1
configure: failed program was:
| /* confdefs.h.  */
| #define PACKAGE_NAME "gzip"
| #define PACKAGE_TARNAME "gzip"
| #define PACKAGE_VERSION "1.3.12"
| #define PACKAGE_STRING "gzip 1.3.12"
| #define PACKAGE_BUGREPORT "bug-gzip@gnu.org"
| #define PACKAGE "gzip"
| #define VERSION "1.3.12"
| /* end confdefs.h.  */
| #include <ac_nonexistent.h>
configure:3971: result: ucfront-gcc arm-linux-elf-gcc  -E
configure:4000: ucfront-gcc arm-linux-elf-gcc  -E  conftest.c
configure:4006: $? = 0
configure:4037: ucfront-gcc arm-linux-elf-gcc  -E  conftest.c
conftest.c:10:28: error: ac_nonexistent.h: No such file or directory
configure:4043: $? = 1
configure: failed program was:
| /* confdefs.h.  */
| #define PACKAGE_NAME "gzip"
| #define PACKAGE_TARNAME "gzip"
| #define PACKAGE_VERSION "1.3.12"
| #define PACKAGE_STRING "gzip 1.3.12"
| #define PACKAGE_BUGREPORT "bug-gzip@gnu.org"
| #define PACKAGE "gzip"
| #define VERSION "1.3.12"
| /* end confdefs.h.  */
| #include <ac_nonexistent.h>
configure:4083: checking for arm-linux-elf-nm
configure:4099: found /usr/local/dslinux-toolchain-2008-01-24-i686/bin/arm-linux-elf-nm
configure:4110: result: arm-linux-elf-nm
configure:4176: checking whether ln -s works
configure:4180: result: yes
configure:4190: checking for arm-linux-elf-ranlib
configure:4217: result: arm-linux-elf-ranlib
configure:4283: checking for a POSIX-compliant shell
configure:4338: result: /bin/bash
configure:4356: checking for grep that handles long lines and -e
configure:4430: result: /bin/grep
configure:4435: checking for egrep
configure:4513: result: /bin/grep -E
configure:4519: checking for AIX
configure:4541: result: no
configure:4547: checking for ANSI C header files
configure:4577: ucfront-gcc arm-linux-elf-gcc  -c -O2 -g -fomit-frame-pointer -fno-common -fno-builtin -Wall  -mswp-byte-writes -DCONFIG_NDS_ROM8BIT -mcpu=arm946e-s -mfpu=fpe3 -DEMBED -D__PIC__ -fpic -msingle-pic-base -Dlinux -D__linux__ -Dunix -D__uClinux__  conftest.c >&5
configure:4583: $? = 0
configure:4711: result: yes
configure:4735: checking for sys/types.h
configure:4756: ucfront-gcc arm-linux-elf-gcc  -c -O2 -g -fomit-frame-pointer -fno-common -fno-builtin -Wall  -mswp-byte-writes -DCONFIG_NDS_ROM8BIT -mcpu=arm946e-s -mfpu=fpe3 -DEMBED -D__PIC__ -fpic -msingle-pic-base -Dlinux -D__linux__ -Dunix -D__uClinux__  conftest.c >&5
configure:4762: $? = 0
configure:4778: result: yes
configure:4735: checking for sys/stat.h
configure:4756: ucfront-gcc arm-linux-elf-gcc  -c -O2 -g -fomit-frame-pointer -fno-common -fno-builtin -Wall  -mswp-byte-writes -DCONFIG_NDS_ROM8BIT -mcpu=arm946e-s -mfpu=fpe3 -DEMBED -D__PIC__ -fpic -msingle-pic-base -Dlinux -D__linux__ -Dunix -D__uClinux__  conftest.c >&5
configure:4762: $? = 0
configure:4778: result: yes
configure:4735: checking for stdlib.h
configure:4756: ucfront-gcc arm-linux-elf-gcc  -c -O2 -g -fomit-frame-pointer -fno-common -fno-builtin -Wall  -mswp-byte-writes -DCONFIG_NDS_ROM8BIT -mcpu=arm946e-s -mfpu=fpe3 -DEMBED -D__PIC__ -fpic -msingle-pic-base -Dlinux -D__linux__ -Dunix -D__uClinux__  conftest.c >&5
configure:4762: $? = 0
configure:4778: result: yes
configure:4735: checking for string.h
configure:4756: ucfront-gcc arm-linux-elf-gcc  -c -O2 -g -fomit-frame-pointer -fno-common -fno-builtin -Wall  -mswp-byte-writes -DCONFIG_NDS_ROM8BIT -mcpu=arm946e-s -mfpu=fpe3 -DEMBED -D__PIC__ -fpic -msingle-pic-base -Dlinux -D__linux__ -Dunix -D__uClinux__  conftest.c >&5
configure:4762: $? = 0
configure:4778: result: yes
configure:4735: checking for memory.h
configure:4756: ucfront-gcc arm-linux-elf-gcc  -c -O2 -g -fomit-frame-pointer -fno-common -fno-builtin -Wall  -mswp-byte-writes -DCONFIG_NDS_ROM8BIT -mcpu=arm946e-s -mfpu=fpe3 -DEMBED -D__PIC__ -fpic -msingle-pic-base -Dlinux -D__linux__ -Dunix -D__uClinux__  conftest.c >&5
configure:4762: $? = 0
configure:4778: result: yes
configure:4735: checking for strings.h
configure:4756: ucfront-gcc arm-linux-elf-gcc  -c -O2 -g -fomit-frame-pointer -fno-common -fno-builtin -Wall  -mswp-byte-writes -DCONFIG_NDS_ROM8BIT -mcpu=arm946e-s -mfpu=fpe3 -DEMBED -D__PIC__ -fpic -msingle-pic-base -Dlinux -D__linux__ -Dunix -D__uClinux__  conftest.c >&5
configure:4762: $? = 0
configure:4778: result: yes
configure:4735: checking for inttypes.h
configure:4756: ucfront-gcc arm-linux-elf-gcc  -c -O2 -g -fomit-frame-pointer -fno-common -fno-builtin -Wall  -mswp-byte-writes -DCONFIG_NDS_ROM8BIT -mcpu=arm946e-s -mfpu=fpe3 -DEMBED -D__PIC__ -fpic -msingle-pic-base -Dlinux -D__linux__ -Dunix -D__uClinux__  conftest.c >&5
configure:4762: $? = 0
configure:4778: result: yes
configure:4735: checking for stdint.h
configure:4756: ucfront-gcc arm-linux-elf-gcc  -c -O2 -g -fomit-frame-pointer -fno-common -fno-builtin -Wall  -mswp-byte-writes -DCONFIG_NDS_ROM8BIT -mcpu=arm946e-s -mfpu=fpe3 -DEMBED -D__PIC__ -fpic -msingle-pic-base -Dlinux -D__linux__ -Dunix -D__uClinux__  conftest.c >&5
configure:4762: $? = 0
configure:4778: result: yes
configure:4735: checking for unistd.h
configure:4756: ucfront-gcc arm-linux-elf-gcc  -c -O2 -g -fomit-frame-pointer -fno-common -fno-builtin -Wall  -mswp-byte-writes -DCONFIG_NDS_ROM8BIT -mcpu=arm946e-s -mfpu=fpe3 -DEMBED -D__PIC__ -fpic -msingle-pic-base -Dlinux -D__linux__ -Dunix -D__uClinux__  conftest.c >&5
configure:4762: $? = 0
configure:4778: result: yes
configure:4800: checking minix/config.h usability
configure:4817: ucfront-gcc arm-linux-elf-gcc  -c -O2 -g -fomit-frame-pointer -fno-common -fno-builtin -Wall  -mswp-byte-writes -DCONFIG_NDS_ROM8BIT -mcpu=arm946e-s -mfpu=fpe3 -DEMBED -D__PIC__ -fpic -msingle-pic-base -Dlinux -D__linux__ -Dunix -D__uClinux__  conftest.c >&5
conftest.c:54:26: error: minix/config.h: No such file or directory
configure:4823: $? = 1
configure: failed program was:
| /* confdefs.h.  */
| #define PACKAGE_NAME "gzip"
| #define PACKAGE_TARNAME "gzip"
| #define PACKAGE_VERSION "1.3.12"
| #define PACKAGE_STRING "gzip 1.3.12"
| #define PACKAGE_BUGREPORT "bug-gzip@gnu.org"
| #define PACKAGE "gzip"
| #define VERSION "1.3.12"
| #define _GNU_SOURCE 1
| #define STDC_HEADERS 1
| #define HAVE_SYS_TYPES_H 1
| #define HAVE_SYS_STAT_H 1
| #define HAVE_STDLIB_H 1
| #define HAVE_STRING_H 1
| #define HAVE_MEMORY_H 1
| #define HAVE_STRINGS_H 1
| #define HAVE_INTTYPES_H 1
| #define HAVE_STDINT_H 1
| #define HAVE_UNISTD_H 1
| /* end confdefs.h.  */
| #include <stdio.h>
| #ifdef HAVE_SYS_TYPES_H
| # include <sys/types.h>
| #endif
| #ifdef HAVE_SYS_STAT_H
| # include <sys/stat.h>
| #endif
| #ifdef STDC_HEADERS
| # include <stdlib.h>
| # include <stddef.h>
| #else
| # ifdef HAVE_STDLIB_H
| #  include <stdlib.h>
| # endif
| #endif
| #ifdef HAVE_STRING_H
| # if !defined STDC_HEADERS && defined HAVE_MEMORY_H
| #  include <memory.h>
| # endif
| # include <string.h>
| #endif
| #ifdef HAVE_STRINGS_H
| # include <strings.h>
| #endif
| #ifdef HAVE_INTTYPES_H
| # include <inttypes.h>
| #endif
| #ifdef HAVE_STDINT_H
| # include <stdint.h>
| #endif
| #ifdef HAVE_UNISTD_H
| # include <unistd.h>
| #endif
| #include <minix/config.h>
configure:4837: result: no
configure:4841: checking minix/config.h presence
configure:4856: ucfront-gcc arm-linux-elf-gcc  -E  conftest.c
conftest.c:21:26: error: minix/config.h: No such file or directory
configure:4862: $? = 1
configure: failed program was:
| /* confdefs.h.  */
| #define PACKAGE_NAME "gzip"
| #define PACKAGE_TARNAME "gzip"
| #define PACKAGE_VERSION "1.3.12"
| #define PACKAGE_STRING "gzip 1.3.12"
| #define PACKAGE_BUGREPORT "bug-gzip@gnu.org"
| #define PACKAGE "gzip"
| #define VERSION "1.3.12"
| #define _GNU_SOURCE 1
| #define STDC_HEADERS 1
| #define HAVE_SYS_TYPES_H 1
| #define HAVE_SYS_STAT_H 1
| #define HAVE_STDLIB_H 1
| #define HAVE_STRING_H 1
| #define HAVE_MEMORY_H 1
| #define HAVE_STRINGS_H 1
| #define HAVE_INTTYPES_H 1
| #define HAVE_STDINT_H 1
| #define HAVE_UNISTD_H 1
| /* end confdefs.h.  */
| #include <minix/config.h>
configure:4876: result: no
configure:4909: checking for minix/config.h
configure:4916: result: no
configure:4955: checking whether it is safe to define __EXTENSIONS__
configure:4983: ucfront-gcc arm-linux-elf-gcc  -c -O2 -g -fomit-frame-pointer -fno-common -fno-builtin -Wall  -mswp-byte-writes -DCONFIG_NDS_ROM8BIT -mcpu=arm946e-s -mfpu=fpe3 -DEMBED -D__PIC__ -fpic -msingle-pic-base -Dlinux -D__linux__ -Dunix -D__uClinux__  conftest.c >&5
configure:4989: $? = 0
configure:5004: result: yes
configure:5377: checking whether strerror_r is declared
configure:5406: ucfront-gcc arm-linux-elf-gcc  -c -O2 -g -fomit-frame-pointer -fno-common -fno-builtin -Wall  -mswp-byte-writes -DCONFIG_NDS_ROM8BIT -mcpu=arm946e-s -mfpu=fpe3 -DEMBED -D__PIC__ -fpic -msingle-pic-base -Dlinux -D__linux__ -Dunix -D__uClinux__  conftest.c >&5
configure:5412: $? = 0
configure:5427: result: yes
configure:5449: checking for strerror_r
configure:5505: ucfront-gcc arm-linux-elf-gcc  -o conftest -O2 -g -fomit-frame-pointer -fno-common -fno-builtin -Wall  -mswp-byte-writes -DCONFIG_NDS_ROM8BIT -mcpu=arm946e-s -mfpu=fpe3 -DEMBED -D__PIC__ -fpic -msingle-pic-base -Dlinux -D__linux__ -Dunix -D__uClinux__  -Wl,-elf2flt -D__PIC__ -fpic -msingle-pic-base -mswp-byte-writes conftest.c  >&5
conftest.elf2flt: In function `main':
/home/andrewec/dslinux/user/gzip/src/conftest.c:59: undefined reference to `strerror_r'
collect2: ld returned 1 exit status
configure:5511: $? = 1
configure: failed program was:
| /* confdefs.h.  */
| #define PACKAGE_NAME "gzip"
| #define PACKAGE_TARNAME "gzip"
| #define PACKAGE_VERSION "1.3.12"
| #define PACKAGE_STRING "gzip 1.3.12"
| #define PACKAGE_BUGREPORT "bug-gzip@gnu.org"
| #define PACKAGE "gzip"
| #define VERSION "1.3.12"
| #define _GNU_SOURCE 1
| #define STDC_HEADERS 1
| #define HAVE_SYS_TYPES_H 1
| #define HAVE_SYS_STAT_H 1
| #define HAVE_STDLIB_H 1
| #define HAVE_STRING_H 1
| #define HAVE_MEMORY_H 1
| #define HAVE_STRINGS_H 1
| #define HAVE_INTTYPES_H 1
| #define HAVE_STDINT_H 1
| #define HAVE_UNISTD_H 1
| #define __EXTENSIONS__ 1
| #define _POSIX_PTHREAD_SEMANTICS 1
| #define _TANDEM_SOURCE 1
| #define HAVE_DECL_STRERROR_R 1
| /* end confdefs.h.  */
| /* Define strerror_r to an innocuous variant, in case <limits.h> declares strerror_r.
|    For example, HP-UX 11i <limits.h> declares gettimeofday.  */
| #define strerror_r innocuous_strerror_r
| 
| /* System header to define __stub macros and hopefully few prototypes,
|     which can conflict with char strerror_r (); below.
|     Prefer <limits.h> to <assert.h> if __STDC__ is defined, since
|     <limits.h> exists even on freestanding compilers.  */
| 
| #ifdef __STDC__
| # include <limits.h>
| #else
| # include <assert.h>
| #endif
| 
| #undef strerror_r
| 
| /* Override any GCC internal prototype to avoid an error.
|    Use char because int might match the return type of a GCC
|    builtin and then its argument prototype would still apply.  */
| #ifdef __cplusplus
| extern "C"
| #endif
| char strerror_r ();
| /* The GNU C library defines this for functions which it implements
|     to always fail with ENOSYS.  Some functions are actually named
|     something starting with __ and the normal name is an alias.  */
| #if defined __stub_strerror_r || defined __stub___strerror_r
| choke me
| #endif
| 
| int
| main ()
| {
| return strerror_r ();
|   ;
|   return 0;
| }
configure:5529: result: no
configure:5539: checking whether strerror_r returns char *
configure:5573: ucfront-gcc arm-linux-elf-gcc  -c -O2 -g -fomit-frame-pointer -fno-common -fno-builtin -Wall  -mswp-byte-writes -DCONFIG_NDS_ROM8BIT -mcpu=arm946e-s -mfpu=fpe3 -DEMBED -D__PIC__ -fpic -msingle-pic-base -Dlinux -D__linux__ -Dunix -D__uClinux__  conftest.c >&5
configure:5579: $? = 0
configure:5655: result: yes
configure:5683: checking fcntl.h usability
configure:5700: ucfront-gcc arm-linux-elf-gcc  -c -O2 -g -fomit-frame-pointer -fno-common -fno-builtin -Wall  -mswp-byte-writes -DCONFIG_NDS_ROM8BIT -mcpu=arm946e-s -mfpu=fpe3 -DEMBED -D__PIC__ -fpic -msingle-pic-base -Dlinux -D__linux__ -Dunix -D__uClinux__  conftest.c >&5
configure:5706: $? = 0
configure:5720: result: yes
configure:5724: checking fcntl.h presence
configure:5739: ucfront-gcc arm-linux-elf-gcc  -E  conftest.c
configure:5745: $? = 0
configure:5759: result: yes
configure:5792: checking for fcntl.h
configure:5800: result: yes
configure:5683: checking sys/time.h usability
configure:5700: ucfront-gcc arm-linux-elf-gcc  -c -O2 -g -fomit-frame-pointer -fno-common -fno-builtin -Wall  -mswp-byte-writes -DCONFIG_NDS_ROM8BIT -mcpu=arm946e-s -mfpu=fpe3 -DEMBED -D__PIC__ -fpic -msingle-pic-base -Dlinux -D__linux__ -Dunix -D__uClinux__  conftest.c >&5
configure:5706: $? = 0
configure:5720: result: yes
configure:5724: checking sys/time.h presence
configure:5739: ucfront-gcc arm-linux-elf-gcc  -E  conftest.c
configure:5745: $? = 0
configure:5759: result: yes
configure:5792: checking for sys/time.h
configure:5800: result: yes
configure:5673: checking for stdlib.h
configure:5679: result: yes
configure:5673: checking for sys/stat.h
configure:5679: result: yes
configure:5683: checking time.h usability
configure:5700: ucfront-gcc arm-linux-elf-gcc  -c -O2 -g -fomit-frame-pointer -fno-common -fno-builtin -Wall  -mswp-byte-writes -DCONFIG_NDS_ROM8BIT -mcpu=arm946e-s -mfpu=fpe3 -DEMBED -D__PIC__ -fpic -msingle-pic-base -Dlinux -D__linux__ -Dunix -D__uClinux__  conftest.c >&5
configure:5706: $? = 0
configure:5720: result: yes
configure:5724: checking time.h presence
configure:5739: ucfront-gcc arm-linux-elf-gcc  -E  conftest.c
configure:5745: $? = 0
configure:5759: result: yes
configure:5792: checking for time.h
configure:5800: result: yes
configure:5673: checking for unistd.h
configure:5679: result: yes
configure:5683: checking utime.h usability
configure:5700: ucfront-gcc arm-linux-elf-gcc  -c -O2 -g -fomit-frame-pointer -fno-common -fno-builtin -Wall  -mswp-byte-writes -DCONFIG_NDS_ROM8BIT -mcpu=arm946e-s -mfpu=fpe3 -DEMBED -D__PIC__ -fpic -msingle-pic-base -Dlinux -D__linux__ -Dunix -D__uClinux__  conftest.c >&5
configure:5706: $? = 0
configure:5720: result: yes
configure:5724: checking utime.h presence
configure:5739: ucfront-gcc arm-linux-elf-gcc  -E  conftest.c
configure:5745: $? = 0
configure:5759: result: yes
configure:5792: checking for utime.h
configure:5800: result: yes
configure:5683: checking limits.h usability
configure:5700: ucfront-gcc arm-linux-elf-gcc  -c -O2 -g -fomit-frame-pointer -fno-common -fno-builtin -Wall  -mswp-byte-writes -DCONFIG_NDS_ROM8BIT -mcpu=arm946e-s -mfpu=fpe3 -DEMBED -D__PIC__ -fpic -msingle-pic-base -Dlinux -D__linux__ -Dunix -D__uClinux__  conftest.c >&5
configure:5706: $? = 0
configure:5720: result: yes
configure:5724: checking limits.h presence
configure:5739: ucfront-gcc arm-linux-elf-gcc  -E  conftest.c
configure:5745: $? = 0
configure:5759: result: yes
configure:5792: checking for limits.h
configure:5800: result: yes
configure:5673: checking for memory.h
configure:5679: result: yes
configure:5832: checking getopt.h usability
configure:5849: ucfront-gcc arm-linux-elf-gcc  -c -O2 -g -fomit-frame-pointer -fno-common -fno-builtin -Wall  -mswp-byte-writes -DCONFIG_NDS_ROM8BIT -mcpu=arm946e-s -mfpu=fpe3 -DEMBED -D__PIC__ -fpic -msingle-pic-base -Dlinux -D__linux__ -Dunix -D__uClinux__  conftest.c >&5
configure:5855: $? = 0
configure:5869: result: yes
configure:5873: checking getopt.h presence
configure:5888: ucfront-gcc arm-linux-elf-gcc  -E  conftest.c
configure:5894: $? = 0
configure:5908: result: yes
configure:5941: checking for getopt.h
configure:5949: result: yes
configure:5971: checking for getopt_long_only
configure:6027: ucfront-gcc arm-linux-elf-gcc  -o conftest -O2 -g -fomit-frame-pointer -fno-common -fno-builtin -Wall  -mswp-byte-writes -DCONFIG_NDS_ROM8BIT -mcpu=arm946e-s -mfpu=fpe3 -DEMBED -D__PIC__ -fpic -msingle-pic-base -Dlinux -D__linux__ -Dunix -D__uClinux__  -Wl,-elf2flt -D__PIC__ -fpic -msingle-pic-base -mswp-byte-writes conftest.c  >&5
configure:6033: $? = 0
configure:6051: result: yes
configure:6066: checking whether optreset is declared
configure:6096: ucfront-gcc arm-linux-elf-gcc  -c -O2 -g -fomit-frame-pointer -fno-common -fno-builtin -Wall  -mswp-byte-writes -DCONFIG_NDS_ROM8BIT -mcpu=arm946e-s -mfpu=fpe3 -DEMBED -D__PIC__ -fpic -msingle-pic-base -Dlinux -D__linux__ -Dunix -D__uClinux__  conftest.c >&5
conftest.c: In function 'main':
conftest.c:43: error: 'optreset' undeclared (first use in this function)
conftest.c:43: error: (Each undeclared identifier is reported only once
conftest.c:43: error: for each function it appears in.)
configure:6102: $? = 1
configure: failed program was:
| /* confdefs.h.  */
| #define PACKAGE_NAME "gzip"
| #define PACKAGE_TARNAME "gzip"
| #define PACKAGE_VERSION "1.3.12"
| #define PACKAGE_STRING "gzip 1.3.12"
| #define PACKAGE_BUGREPORT "bug-gzip@gnu.org"
| #define PACKAGE "gzip"
| #define VERSION "1.3.12"
| #define _GNU_SOURCE 1
| #define STDC_HEADERS 1
| #define HAVE_SYS_TYPES_H 1
| #define HAVE_SYS_STAT_H 1
| #define HAVE_STDLIB_H 1
| #define HAVE_STRING_H 1
| #define HAVE_MEMORY_H 1
| #define HAVE_STRINGS_H 1
| #define HAVE_INTTYPES_H 1
| #define HAVE_STDINT_H 1
| #define HAVE_UNISTD_H 1
| #define __EXTENSIONS__ 1
| #define _POSIX_PTHREAD_SEMANTICS 1
| #define _TANDEM_SOURCE 1
| #define HAVE_DECL_STRERROR_R 1
| #define STRERROR_R_CHAR_P 1
| #define HAVE_FCNTL_H 1
| #define HAVE_SYS_TIME_H 1
| #define HAVE_STDLIB_H 1
| #define HAVE_SYS_STAT_H 1
| #define HAVE_TIME_H 1
| #define HAVE_UNISTD_H 1
| #define HAVE_UTIME_H 1
| #define HAVE_LIMITS_H 1
| #define HAVE_MEMORY_H 1
| #define HAVE_GETOPT_H 1
| #define HAVE_GETOPT_LONG_ONLY 1
| /* end confdefs.h.  */
| #include <getopt.h>
| 
| int
| main ()
| {
| #ifndef optreset
|   (void) optreset;
| #endif
| 
|   ;
|   return 0;
| }
configure:6117: result: no
configure:6126: checking for working GNU getopt function
configure:6132: checking whether getopt_clip is declared
configure:6162: ucfront-gcc arm-linux-elf-gcc  -c -O2 -g -fomit-frame-pointer -fno-common -fno-builtin -Wall  -mswp-byte-writes -DCONFIG_NDS_ROM8BIT -mcpu=arm946e-s -mfpu=fpe3 -DEMBED -D__PIC__ -fpic -msingle-pic-base -Dlinux -D__linux__ -Dunix -D__uClinux__  conftest.c >&5
conftest.c: In function 'main':
conftest.c:43: error: 'getopt_clip' undeclared (first use in this function)
conftest.c:43: error: (Each undeclared identifier is reported only once
conftest.c:43: error: for each function it appears in.)
configure:6168: $? = 1
configure: failed program was:
| /* confdefs.h.  */
| #define PACKAGE_NAME "gzip"
| #define PACKAGE_TARNAME "gzip"
| #define PACKAGE_VERSION "1.3.12"
| #define PACKAGE_STRING "gzip 1.3.12"
| #define PACKAGE_BUGREPORT "bug-gzip@gnu.org"
| #define PACKAGE "gzip"
| #define VERSION "1.3.12"
| #define _GNU_SOURCE 1
| #define STDC_HEADERS 1
| #define HAVE_SYS_TYPES_H 1
| #define HAVE_SYS_STAT_H 1
| #define HAVE_STDLIB_H 1
| #define HAVE_STRING_H 1
| #define HAVE_MEMORY_H 1
| #define HAVE_STRINGS_H 1
| #define HAVE_INTTYPES_H 1
| #define HAVE_STDINT_H 1
| #define HAVE_UNISTD_H 1
| #define __EXTENSIONS__ 1
| #define _POSIX_PTHREAD_SEMANTICS 1
| #define _TANDEM_SOURCE 1
| #define HAVE_DECL_STRERROR_R 1
| #define STRERROR_R_CHAR_P 1
| #define HAVE_FCNTL_H 1
| #define HAVE_SYS_TIME_H 1
| #define HAVE_STDLIB_H 1
| #define HAVE_SYS_STAT_H 1
| #define HAVE_TIME_H 1
| #define HAVE_UNISTD_H 1
| #define HAVE_UTIME_H 1
| #define HAVE_LIMITS_H 1
| #define HAVE_MEMORY_H 1
| #define HAVE_GETOPT_H 1
| #define HAVE_GETOPT_LONG_ONLY 1
| /* end confdefs.h.  */
| #include <getopt.h>
| 
| int
| main ()
| {
| #ifndef getopt_clip
|   (void) getopt_clip;
| #endif
| 
|   ;
|   return 0;
| }
configure:6183: result: no
configure:6247: result: yes
configure:6254: checking whether getenv is declared
configure:6283: ucfront-gcc arm-linux-elf-gcc  -c -O2 -g -fomit-frame-pointer -fno-common -fno-builtin -Wall  -mswp-byte-writes -DCONFIG_NDS_ROM8BIT -mcpu=arm946e-s -mfpu=fpe3 -DEMBED -D__PIC__ -fpic -msingle-pic-base -Dlinux -D__linux__ -Dunix -D__uClinux__  conftest.c >&5
configure:6289: $? = 0
configure:6304: result: yes
configure:6322: checking for inline
configure:6348: ucfront-gcc arm-linux-elf-gcc  -c -O2 -g -fomit-frame-pointer -fno-common -fno-builtin -Wall  -mswp-byte-writes -DCONFIG_NDS_ROM8BIT -mcpu=arm946e-s -mfpu=fpe3 -DEMBED -D__PIC__ -fpic -msingle-pic-base -Dlinux -D__linux__ -Dunix -D__uClinux__  conftest.c >&5
configure:6354: $? = 0
configure:6372: result: inline
configure:6393: checking for stdbool.h that conforms to C99
configure:6486: ucfront-gcc arm-linux-elf-gcc  -c -O2 -g -fomit-frame-pointer -fno-common -fno-builtin -Wall  -mswp-byte-writes -DCONFIG_NDS_ROM8BIT -mcpu=arm946e-s -mfpu=fpe3 -DEMBED -D__PIC__ -fpic -msingle-pic-base -Dlinux -D__linux__ -Dunix -D__uClinux__  conftest.c >&5
configure:6492: $? = 0
configure:6507: result: yes
configure:6509: checking for _Bool
configure:6539: ucfront-gcc arm-linux-elf-gcc  -c -O2 -g -fomit-frame-pointer -fno-common -fno-builtin -Wall  -mswp-byte-writes -DCONFIG_NDS_ROM8BIT -mcpu=arm946e-s -mfpu=fpe3 -DEMBED -D__PIC__ -fpic -msingle-pic-base -Dlinux -D__linux__ -Dunix -D__uClinux__  conftest.c >&5
configure:6545: $? = 0
configure:6560: result: yes
configure:6595: checking for lstat
configure:6651: ucfront-gcc arm-linux-elf-gcc  -o conftest -O2 -g -fomit-frame-pointer -fno-common -fno-builtin -Wall  -mswp-byte-writes -DCONFIG_NDS_ROM8BIT -mcpu=arm946e-s -mfpu=fpe3 -DEMBED -D__PIC__ -fpic -msingle-pic-base -Dlinux -D__linux__ -Dunix -D__uClinux__  -Wl,-elf2flt -D__PIC__ -fpic -msingle-pic-base -mswp-byte-writes conftest.c  >&5
No relocations in code!
configure:6657: $? = 0
configure:6675: result: yes
configure:6595: checking for pipe
configure:6651: ucfront-gcc arm-linux-elf-gcc  -o conftest -O2 -g -fomit-frame-pointer -fno-common -fno-builtin -Wall  -mswp-byte-writes -DCONFIG_NDS_ROM8BIT -mcpu=arm946e-s -mfpu=fpe3 -DEMBED -D__PIC__ -fpic -msingle-pic-base -Dlinux -D__linux__ -Dunix -D__uClinux__  -Wl,-elf2flt -D__PIC__ -fpic -msingle-pic-base -mswp-byte-writes conftest.c  >&5
No relocations in code!
configure:6657: $? = 0
configure:6675: result: yes
configure:6595: checking for futimes
configure:6651: ucfront-gcc arm-linux-elf-gcc  -o conftest -O2 -g -fomit-frame-pointer -fno-common -fno-builtin -Wall  -mswp-byte-writes -DCONFIG_NDS_ROM8BIT -mcpu=arm946e-s -mfpu=fpe3 -DEMBED -D__PIC__ -fpic -msingle-pic-base -Dlinux -D__linux__ -Dunix -D__uClinux__  -Wl,-elf2flt -D__PIC__ -fpic -msingle-pic-base -mswp-byte-writes conftest.c  >&5
conftest.elf2flt: In function `main':
/home/andrewec/dslinux/user/gzip/src/conftest.c:76: undefined reference to `futimes'
collect2: ld returned 1 exit status
configure:6657: $? = 1
configure: failed program was:
| /* confdefs.h.  */
| #define PACKAGE_NAME "gzip"
| #define PACKAGE_TARNAME "gzip"
| #define PACKAGE_VERSION "1.3.12"
| #define PACKAGE_STRING "gzip 1.3.12"
| #define PACKAGE_BUGREPORT "bug-gzip@gnu.org"
| #define PACKAGE "gzip"
| #define VERSION "1.3.12"
| #define _GNU_SOURCE 1
| #define STDC_HEADERS 1
| #define HAVE_SYS_TYPES_H 1
| #define HAVE_SYS_STAT_H 1
| #define HAVE_STDLIB_H 1
| #define HAVE_STRING_H 1
| #define HAVE_MEMORY_H 1
| #define HAVE_STRINGS_H 1
| #define HAVE_INTTYPES_H 1
| #define HAVE_STDINT_H 1
| #define HAVE_UNISTD_H 1
| #define __EXTENSIONS__ 1
| #define _POSIX_PTHREAD_SEMANTICS 1
| #define _TANDEM_SOURCE 1
| #define HAVE_DECL_STRERROR_R 1
| #define STRERROR_R_CHAR_P 1
| #define HAVE_FCNTL_H 1
| #define HAVE_SYS_TIME_H 1
| #define HAVE_STDLIB_H 1
| #define HAVE_SYS_STAT_H 1
| #define HAVE_TIME_H 1
| #define HAVE_UNISTD_H 1
| #define HAVE_UTIME_H 1
| #define HAVE_LIMITS_H 1
| #define HAVE_MEMORY_H 1
| #define HAVE_GETOPT_H 1
| #define HAVE_GETOPT_LONG_ONLY 1
| #define HAVE_DECL_GETENV 1
| #define HAVE__BOOL 1
| #define HAVE_STDBOOL_H 1
| #define HAVE_LSTAT 1
| #define HAVE_PIPE 1
| /* end confdefs.h.  */
| /* Define futimes to an innocuous variant, in case <limits.h> declares futimes.
|    For example, HP-UX 11i <limits.h> declares gettimeofday.  */
| #define futimes innocuous_futimes
| 
| /* System header to define __stub macros and hopefully few prototypes,
|     which can conflict with char futimes (); below.
|     Prefer <limits.h> to <assert.h> if __STDC__ is defined, since
|     <limits.h> exists even on freestanding compilers.  */
| 
| #ifdef __STDC__
| # include <limits.h>
| #else
| # include <assert.h>
| #endif
| 
| #undef futimes
| 
| /* Override any GCC internal prototype to avoid an error.
|    Use char because int might match the return type of a GCC
|    builtin and then its argument prototype would still apply.  */
| #ifdef __cplusplus
| extern "C"
| #endif
| char futimes ();
| /* The GNU C library defines this for functions which it implements
|     to always fail with ENOSYS.  Some functions are actually named
|     something starting with __ and the normal name is an alias.  */
| #if defined __stub_futimes || defined __stub___futimes
| choke me
| #endif
| 
| int
| main ()
| {
| return futimes ();
|   ;
|   return 0;
| }
configure:6675: result: no
configure:6595: checking for futimesat
configure:6651: ucfront-gcc arm-linux-elf-gcc  -o conftest -O2 -g -fomit-frame-pointer -fno-common -fno-builtin -Wall  -mswp-byte-writes -DCONFIG_NDS_ROM8BIT -mcpu=arm946e-s -mfpu=fpe3 -DEMBED -D__PIC__ -fpic -msingle-pic-base -Dlinux -D__linux__ -Dunix -D__uClinux__  -Wl,-elf2flt -D__PIC__ -fpic -msingle-pic-base -mswp-byte-writes conftest.c  >&5
conftest.elf2flt: In function `main':
/home/andrewec/dslinux/user/gzip/src/conftest.c:76: undefined reference to `futimesat'
collect2: ld returned 1 exit status
configure:6657: $? = 1
configure: failed program was:
| /* confdefs.h.  */
| #define PACKAGE_NAME "gzip"
| #define PACKAGE_TARNAME "gzip"
| #define PACKAGE_VERSION "1.3.12"
| #define PACKAGE_STRING "gzip 1.3.12"
| #define PACKAGE_BUGREPORT "bug-gzip@gnu.org"
| #define PACKAGE "gzip"
| #define VERSION "1.3.12"
| #define _GNU_SOURCE 1
| #define STDC_HEADERS 1
| #define HAVE_SYS_TYPES_H 1
| #define HAVE_SYS_STAT_H 1
| #define HAVE_STDLIB_H 1
| #define HAVE_STRING_H 1
| #define HAVE_MEMORY_H 1
| #define HAVE_STRINGS_H 1
| #define HAVE_INTTYPES_H 1
| #define HAVE_STDINT_H 1
| #define HAVE_UNISTD_H 1
| #define __EXTENSIONS__ 1
| #define _POSIX_PTHREAD_SEMANTICS 1
| #define _TANDEM_SOURCE 1
| #define HAVE_DECL_STRERROR_R 1
| #define STRERROR_R_CHAR_P 1
| #define HAVE_FCNTL_H 1
| #define HAVE_SYS_TIME_H 1
| #define HAVE_STDLIB_H 1
| #define HAVE_SYS_STAT_H 1
| #define HAVE_TIME_H 1
| #define HAVE_UNISTD_H 1
| #define HAVE_UTIME_H 1
| #define HAVE_LIMITS_H 1
| #define HAVE_MEMORY_H 1
| #define HAVE_GETOPT_H 1
| #define HAVE_GETOPT_LONG_ONLY 1
| #define HAVE_DECL_GETENV 1
| #define HAVE__BOOL 1
| #define HAVE_STDBOOL_H 1
| #define HAVE_LSTAT 1
| #define HAVE_PIPE 1
| /* end confdefs.h.  */
| /* Define futimesat to an innocuous variant, in case <limits.h> declares futimesat.
|    For example, HP-UX 11i <limits.h> declares gettimeofday.  */
| #define futimesat innocuous_futimesat
| 
| /* System header to define __stub macros and hopefully few prototypes,
|     which can conflict with char futimesat (); below.
|     Prefer <limits.h> to <assert.h> if __STDC__ is defined, since
|     <limits.h> exists even on freestanding compilers.  */
| 
| #ifdef __STDC__
| # include <limits.h>
| #else
| # include <assert.h>
| #endif
| 
| #undef futimesat
| 
| /* Override any GCC internal prototype to avoid an error.
|    Use char because int might match the return type of a GCC
|    builtin and then its argument prototype would still apply.  */
| #ifdef __cplusplus
| extern "C"
| #endif
| char futimesat ();
| /* The GNU C library defines this for functions which it implements
|     to always fail with ENOSYS.  Some functions are actually named
|     something starting with __ and the normal name is an alias.  */
| #if defined __stub_futimesat || defined __stub___futimesat
| choke me
| #endif
| 
| int
| main ()
| {
| return futimesat ();
|   ;
|   return 0;
| }
configure:6675: result: no
configure:6595: checking for chown
configure:6651: ucfront-gcc arm-linux-elf-gcc  -o conftest -O2 -g -fomit-frame-pointer -fno-common -fno-builtin -Wall  -mswp-byte-writes -DCONFIG_NDS_ROM8BIT -mcpu=arm946e-s -mfpu=fpe3 -DEMBED -D__PIC__ -fpic -msingle-pic-base -Dlinux -D__linux__ -Dunix -D__uClinux__  -Wl,-elf2flt -D__PIC__ -fpic -msingle-pic-base -mswp-byte-writes conftest.c  >&5
No relocations in code!
configure:6657: $? = 0
configure:6675: result: yes
configure:6595: checking for fchmod
configure:6651: ucfront-gcc arm-linux-elf-gcc  -o conftest -O2 -g -fomit-frame-pointer -fno-common -fno-builtin -Wall  -mswp-byte-writes -DCONFIG_NDS_ROM8BIT -mcpu=arm946e-s -mfpu=fpe3 -DEMBED -D__PIC__ -fpic -msingle-pic-base -Dlinux -D__linux__ -Dunix -D__uClinux__  -Wl,-elf2flt -D__PIC__ -fpic -msingle-pic-base -mswp-byte-writes conftest.c  >&5
No relocations in code!
configure:6657: $? = 0
configure:6675: result: yes
configure:6595: checking for fchown
configure:6651: ucfront-gcc arm-linux-elf-gcc  -o conftest -O2 -g -fomit-frame-pointer -fno-common -fno-builtin -Wall  -mswp-byte-writes -DCONFIG_NDS_ROM8BIT -mcpu=arm946e-s -mfpu=fpe3 -DEMBED -D__PIC__ -fpic -msingle-pic-base -Dlinux -D__linux__ -Dunix -D__uClinux__  -Wl,-elf2flt -D__PIC__ -fpic -msingle-pic-base -mswp-byte-writes conftest.c  >&5
No relocations in code!
configure:6657: $? = 0
configure:6675: result: yes
configure:6595: checking for fdopendir
configure:6651: ucfront-gcc arm-linux-elf-gcc  -o conftest -O2 -g -fomit-frame-pointer -fno-common -fno-builtin -Wall  -mswp-byte-writes -DCONFIG_NDS_ROM8BIT -mcpu=arm946e-s -mfpu=fpe3 -DEMBED -D__PIC__ -fpic -msingle-pic-base -Dlinux -D__linux__ -Dunix -D__uClinux__  -Wl,-elf2flt -D__PIC__ -fpic -msingle-pic-base -mswp-byte-writes conftest.c  >&5
conftest.elf2flt: In function `main':
/home/andrewec/dslinux/user/gzip/src/conftest.c:79: undefined reference to `fdopendir'
collect2: ld returned 1 exit status
configure:6657: $? = 1
configure: failed program was:
| /* confdefs.h.  */
| #define PACKAGE_NAME "gzip"
| #define PACKAGE_TARNAME "gzip"
| #define PACKAGE_VERSION "1.3.12"
| #define PACKAGE_STRING "gzip 1.3.12"
| #define PACKAGE_BUGREPORT "bug-gzip@gnu.org"
| #define PACKAGE "gzip"
| #define VERSION "1.3.12"
| #define _GNU_SOURCE 1
| #define STDC_HEADERS 1
| #define HAVE_SYS_TYPES_H 1
| #define HAVE_SYS_STAT_H 1
| #define HAVE_STDLIB_H 1
| #define HAVE_STRING_H 1
| #define HAVE_MEMORY_H 1
| #define HAVE_STRINGS_H 1
| #define HAVE_INTTYPES_H 1
| #define HAVE_STDINT_H 1
| #define HAVE_UNISTD_H 1
| #define __EXTENSIONS__ 1
| #define _POSIX_PTHREAD_SEMANTICS 1
| #define _TANDEM_SOURCE 1
| #define HAVE_DECL_STRERROR_R 1
| #define STRERROR_R_CHAR_P 1
| #define HAVE_FCNTL_H 1
| #define HAVE_SYS_TIME_H 1
| #define HAVE_STDLIB_H 1
| #define HAVE_SYS_STAT_H 1
| #define HAVE_TIME_H 1
| #define HAVE_UNISTD_H 1
| #define HAVE_UTIME_H 1
| #define HAVE_LIMITS_H 1
| #define HAVE_MEMORY_H 1
| #define HAVE_GETOPT_H 1
| #define HAVE_GETOPT_LONG_ONLY 1
| #define HAVE_DECL_GETENV 1
| #define HAVE__BOOL 1
| #define HAVE_STDBOOL_H 1
| #define HAVE_LSTAT 1
| #define HAVE_PIPE 1
| #define HAVE_CHOWN 1
| #define HAVE_FCHMOD 1
| #define HAVE_FCHOWN 1
| /* end confdefs.h.  */
| /* Define fdopendir to an innocuous variant, in case <limits.h> declares fdopendir.
|    For example, HP-UX 11i <limits.h> declares gettimeofday.  */
| #define fdopendir innocuous_fdopendir
| 
| /* System header to define __stub macros and hopefully few prototypes,
|     which can conflict with char fdopendir (); below.
|     Prefer <limits.h> to <assert.h> if __STDC__ is defined, since
|     <limits.h> exists even on freestanding compilers.  */
| 
| #ifdef __STDC__
| # include <limits.h>
| #else
| # include <assert.h>
| #endif
| 
| #undef fdopendir
| 
| /* Override any GCC internal prototype to avoid an error.
|    Use char because int might match the return type of a GCC
|    builtin and then its argument prototype would still apply.  */
| #ifdef __cplusplus
| extern "C"
| #endif
| char fdopendir ();
| /* The GNU C library defines this for functions which it implements
|     to always fail with ENOSYS.  Some functions are actually named
|     something starting with __ and the normal name is an alias.  */
| #if defined __stub_fdopendir || defined __stub___fdopendir
| choke me
| #endif
| 
| int
| main ()
| {
| return fdopendir ();
|   ;
|   return 0;
| }
configure:6675: result: no
configure:6595: checking for siginterrupt
configure:6651: ucfront-gcc arm-linux-elf-gcc  -o conftest -O2 -g -fomit-frame-pointer -fno-common -fno-builtin -Wall  -mswp-byte-writes -DCONFIG_NDS_ROM8BIT -mcpu=arm946e-s -mfpu=fpe3 -DEMBED -D__PIC__ -fpic -msingle-pic-base -Dlinux -D__linux__ -Dunix -D__uClinux__  -Wl,-elf2flt -D__PIC__ -fpic -msingle-pic-base -mswp-byte-writes conftest.c  >&5
No relocations in code!
configure:6657: $? = 0
configure:6675: result: yes
configure:6687: checking whether stat file-mode macros are broken
configure:6724: ucfront-gcc arm-linux-elf-gcc  -c -O2 -g -fomit-frame-pointer -fno-common -fno-builtin -Wall  -mswp-byte-writes -DCONFIG_NDS_ROM8BIT -mcpu=arm946e-s -mfpu=fpe3 -DEMBED -D__PIC__ -fpic -msingle-pic-base -Dlinux -D__linux__ -Dunix -D__uClinux__  conftest.c >&5
configure:6730: $? = 0
configure:6745: result: no
configure:6757: checking for C/C++ restrict keyword
configure:6793: ucfront-gcc arm-linux-elf-gcc  -c -O2 -g -fomit-frame-pointer -fno-common -fno-builtin -Wall  -mswp-byte-writes -DCONFIG_NDS_ROM8BIT -mcpu=arm946e-s -mfpu=fpe3 -DEMBED -D__PIC__ -fpic -msingle-pic-base -Dlinux -D__linux__ -Dunix -D__uClinux__  conftest.c >&5
conftest.c:47: error: syntax error before 'ip'
conftest.c: In function 'foo':
conftest.c:48: error: 'ip' undeclared (first use in this function)
conftest.c:48: error: (Each undeclared identifier is reported only once
conftest.c:48: error: for each function it appears in.)
conftest.c: In function 'main':
conftest.c:54: error: syntax error before 't'
conftest.c:55: error: 't' undeclared (first use in this function)
conftest.c:53: warning: unused variable 's'
configure:6799: $? = 1
configure: failed program was:
| /* confdefs.h.  */
| #define PACKAGE_NAME "gzip"
| #define PACKAGE_TARNAME "gzip"
| #define PACKAGE_VERSION "1.3.12"
| #define PACKAGE_STRING "gzip 1.3.12"
| #define PACKAGE_BUGREPORT "bug-gzip@gnu.org"
| #define PACKAGE "gzip"
| #define VERSION "1.3.12"
| #define _GNU_SOURCE 1
| #define STDC_HEADERS 1
| #define HAVE_SYS_TYPES_H 1
| #define HAVE_SYS_STAT_H 1
| #define HAVE_STDLIB_H 1
| #define HAVE_STRING_H 1
| #define HAVE_MEMORY_H 1
| #define HAVE_STRINGS_H 1
| #define HAVE_INTTYPES_H 1
| #define HAVE_STDINT_H 1
| #define HAVE_UNISTD_H 1
| #define __EXTENSIONS__ 1
| #define _POSIX_PTHREAD_SEMANTICS 1
| #define _TANDEM_SOURCE 1
| #define HAVE_DECL_STRERROR_R 1
| #define STRERROR_R_CHAR_P 1
| #define HAVE_FCNTL_H 1
| #define HAVE_SYS_TIME_H 1
| #define HAVE_STDLIB_H 1
| #define HAVE_SYS_STAT_H 1
| #define HAVE_TIME_H 1
| #define HAVE_UNISTD_H 1
| #define HAVE_UTIME_H 1
| #define HAVE_LIMITS_H 1
| #define HAVE_MEMORY_H 1
| #define HAVE_GETOPT_H 1
| #define HAVE_GETOPT_LONG_ONLY 1
| #define HAVE_DECL_GETENV 1
| #define HAVE__BOOL 1
| #define HAVE_STDBOOL_H 1
| #define HAVE_LSTAT 1
| #define HAVE_PIPE 1
| #define HAVE_CHOWN 1
| #define HAVE_FCHMOD 1
| #define HAVE_FCHOWN 1
| #define HAVE_SIGINTERRUPT 1
| /* end confdefs.h.  */
| typedef int * int_ptr;
|         int foo (int_ptr restrict ip) {
|         return ip[0];
|        }
| int
| main ()
| {
| int s[1];
|         int * restrict t = s;
|         t[0] = 0;
|         return foo(t)
|   ;
|   return 0;
| }
configure:6793: ucfront-gcc arm-linux-elf-gcc  -c -O2 -g -fomit-frame-pointer -fno-common -fno-builtin -Wall  -mswp-byte-writes -DCONFIG_NDS_ROM8BIT -mcpu=arm946e-s -mfpu=fpe3 -DEMBED -D__PIC__ -fpic -msingle-pic-base -Dlinux -D__linux__ -Dunix -D__uClinux__  conftest.c >&5
configure:6799: $? = 0
configure:6817: result: __restrict
configure:6842: checking absolute name of <sys/time.h>
configure:6866: result: ///home/andrewec/dslinux/uClibc/include/sys/time.h
configure:6882: checking for struct timeval
configure:6912: ucfront-gcc arm-linux-elf-gcc  -c -O2 -g -fomit-frame-pointer -fno-common -fno-builtin -Wall  -mswp-byte-writes -DCONFIG_NDS_ROM8BIT -mcpu=arm946e-s -mfpu=fpe3 -DEMBED -D__PIC__ -fpic -msingle-pic-base -Dlinux -D__linux__ -Dunix -D__uClinux__  conftest.c >&5
configure:6918: $? = 0
configure:6933: result: yes
configure:6966: checking for struct timespec in <time.h>
configure:6993: ucfront-gcc arm-linux-elf-gcc  -c -O2 -g -fomit-frame-pointer -fno-common -fno-builtin -Wall  -mswp-byte-writes -DCONFIG_NDS_ROM8BIT -mcpu=arm946e-s -mfpu=fpe3 -DEMBED -D__PIC__ -fpic -msingle-pic-base -Dlinux -D__linux__ -Dunix -D__uClinux__  conftest.c >&5
configure:6999: $? = 0
configure:7014: result: yes
configure:7082: checking absolute name of <time.h>
configure:7106: result: ///home/andrewec/dslinux/uClibc/include/time.h
configure:7138: checking determine whether the utimes function works
configure:7239: result: no
configure:7261: checking for struct utimbuf
configure:7294: ucfront-gcc arm-linux-elf-gcc  -c -O2 -g -fomit-frame-pointer -fno-common -fno-builtin -Wall  -mswp-byte-writes -DCONFIG_NDS_ROM8BIT -mcpu=arm946e-s -mfpu=fpe3 -DEMBED -D__PIC__ -fpic -msingle-pic-base -Dlinux -D__linux__ -Dunix -D__uClinux__  conftest.c >&5
configure:7300: $? = 0
configure:7315: result: yes
configure:7347: checking for error_at_line
configure:7373: ucfront-gcc arm-linux-elf-gcc  -o conftest -O2 -g -fomit-frame-pointer -fno-common -fno-builtin -Wall  -mswp-byte-writes -DCONFIG_NDS_ROM8BIT -mcpu=arm946e-s -mfpu=fpe3 -DEMBED -D__PIC__ -fpic -msingle-pic-base -Dlinux -D__linux__ -Dunix -D__uClinux__  -Wl,-elf2flt -D__PIC__ -fpic -msingle-pic-base -mswp-byte-writes conftest.c  >&5
configure:7379: $? = 0
configure:7396: result: yes
configure:7413: checking for working fcntl.h
configure:7512: result: cross-compiling
configure:7535: checking absolute name of <fcntl.h>
configure:7559: result: ///home/andrewec/dslinux/uClibc/include/fcntl.h
configure:7611: checking whether the compiler generally respects inline
configure:7642: ucfront-gcc arm-linux-elf-gcc  -c -O2 -g -fomit-frame-pointer -fno-common -fno-builtin -Wall  -mswp-byte-writes -DCONFIG_NDS_ROM8BIT -mcpu=arm946e-s -mfpu=fpe3 -DEMBED -D__PIC__ -fpic -msingle-pic-base -Dlinux -D__linux__ -Dunix -D__uClinux__  conftest.c >&5
configure:7648: $? = 0
configure:7665: result: yes
configure:7685: checking for struct stat.st_atim.tv_nsec
configure:7715: ucfront-gcc arm-linux-elf-gcc  -c -O2 -g -fomit-frame-pointer -fno-common -fno-builtin -Wall  -mswp-byte-writes -DCONFIG_NDS_ROM8BIT -mcpu=arm946e-s -mfpu=fpe3 -DEMBED -D__PIC__ -fpic -msingle-pic-base -Dlinux -D__linux__ -Dunix -D__uClinux__  conftest.c >&5
conftest.c: In function 'main':
conftest.c:62: error: 'struct stat' has no member named 'st_atim'
configure:7721: $? = 1
configure: failed program was:
| /* confdefs.h.  */
| #define PACKAGE_NAME "gzip"
| #define PACKAGE_TARNAME "gzip"
| #define PACKAGE_VERSION "1.3.12"
| #define PACKAGE_STRING "gzip 1.3.12"
| #define PACKAGE_BUGREPORT "bug-gzip@gnu.org"
| #define PACKAGE "gzip"
| #define VERSION "1.3.12"
| #define _GNU_SOURCE 1
| #define STDC_HEADERS 1
| #define HAVE_SYS_TYPES_H 1
| #define HAVE_SYS_STAT_H 1
| #define HAVE_STDLIB_H 1
| #define HAVE_STRING_H 1
| #define HAVE_MEMORY_H 1
| #define HAVE_STRINGS_H 1
| #define HAVE_INTTYPES_H 1
| #define HAVE_STDINT_H 1
| #define HAVE_UNISTD_H 1
| #define __EXTENSIONS__ 1
| #define _POSIX_PTHREAD_SEMANTICS 1
| #define _TANDEM_SOURCE 1
| #define HAVE_DECL_STRERROR_R 1
| #define STRERROR_R_CHAR_P 1
| #define HAVE_FCNTL_H 1
| #define HAVE_SYS_TIME_H 1
| #define HAVE_STDLIB_H 1
| #define HAVE_SYS_STAT_H 1
| #define HAVE_TIME_H 1
| #define HAVE_UNISTD_H 1
| #define HAVE_UTIME_H 1
| #define HAVE_LIMITS_H 1
| #define HAVE_MEMORY_H 1
| #define HAVE_GETOPT_H 1
| #define HAVE_GETOPT_LONG_ONLY 1
| #define HAVE_DECL_GETENV 1
| #define HAVE__BOOL 1
| #define HAVE_STDBOOL_H 1
| #define HAVE_LSTAT 1
| #define HAVE_PIPE 1
| #define HAVE_CHOWN 1
| #define HAVE_FCHMOD 1
| #define HAVE_FCHOWN 1
| #define HAVE_SIGINTERRUPT 1
| #define restrict __restrict
| #define ABSOLUTE_SYS_TIME_H "///home/andrewec/dslinux/uClibc/include/sys/time.h"
| #define ABSOLUTE_TIME_H "///home/andrewec/dslinux/uClibc/include/time.h"
| #define HAVE_STRUCT_UTIMBUF 1
| #define HAVE_WORKING_O_NOATIME 0
| #define HAVE_WORKING_O_NOFOLLOW 0
| #define ABSOLUTE_FCNTL_H "///home/andrewec/dslinux/uClibc/include/fcntl.h"
| #define GNULIB_FCNTL_SAFER 1
| #define HAVE_INLINE 1
| /* end confdefs.h.  */
| #include <sys/types.h>
|      #include <sys/stat.h>
| 
| int
| main ()
| {
| static struct stat ac_aggr;
| if (ac_aggr.st_atim.tv_nsec)
| return 0;
|   ;
|   return 0;
| }
configure:7756: ucfront-gcc arm-linux-elf-gcc  -c -O2 -g -fomit-frame-pointer -fno-common -fno-builtin -Wall  -mswp-byte-writes -DCONFIG_NDS_ROM8BIT -mcpu=arm946e-s -mfpu=fpe3 -DEMBED -D__PIC__ -fpic -msingle-pic-base -Dlinux -D__linux__ -Dunix -D__uClinux__  conftest.c >&5
conftest.c: In function 'main':
conftest.c:62: error: 'struct stat' has no member named 'st_atim'
configure:7762: $? = 1
configure: failed program was:
| /* confdefs.h.  */
| #define PACKAGE_NAME "gzip"
| #define PACKAGE_TARNAME "gzip"
| #define PACKAGE_VERSION "1.3.12"
| #define PACKAGE_STRING "gzip 1.3.12"
| #define PACKAGE_BUGREPORT "bug-gzip@gnu.org"
| #define PACKAGE "gzip"
| #define VERSION "1.3.12"
| #define _GNU_SOURCE 1
| #define STDC_HEADERS 1
| #define HAVE_SYS_TYPES_H 1
| #define HAVE_SYS_STAT_H 1
| #define HAVE_STDLIB_H 1
| #define HAVE_STRING_H 1
| #define HAVE_MEMORY_H 1
| #define HAVE_STRINGS_H 1
| #define HAVE_INTTYPES_H 1
| #define HAVE_STDINT_H 1
| #define HAVE_UNISTD_H 1
| #define __EXTENSIONS__ 1
| #define _POSIX_PTHREAD_SEMANTICS 1
| #define _TANDEM_SOURCE 1
| #define HAVE_DECL_STRERROR_R 1
| #define STRERROR_R_CHAR_P 1
| #define HAVE_FCNTL_H 1
| #define HAVE_SYS_TIME_H 1
| #define HAVE_STDLIB_H 1
| #define HAVE_SYS_STAT_H 1
| #define HAVE_TIME_H 1
| #define HAVE_UNISTD_H 1
| #define HAVE_UTIME_H 1
| #define HAVE_LIMITS_H 1
| #define HAVE_MEMORY_H 1
| #define HAVE_GETOPT_H 1
| #define HAVE_GETOPT_LONG_ONLY 1
| #define HAVE_DECL_GETENV 1
| #define HAVE__BOOL 1
| #define HAVE_STDBOOL_H 1
| #define HAVE_LSTAT 1
| #define HAVE_PIPE 1
| #define HAVE_CHOWN 1
| #define HAVE_FCHMOD 1
| #define HAVE_FCHOWN 1
| #define HAVE_SIGINTERRUPT 1
| #define restrict __restrict
| #define ABSOLUTE_SYS_TIME_H "///home/andrewec/dslinux/uClibc/include/sys/time.h"
| #define ABSOLUTE_TIME_H "///home/andrewec/dslinux/uClibc/include/time.h"
| #define HAVE_STRUCT_UTIMBUF 1
| #define HAVE_WORKING_O_NOATIME 0
| #define HAVE_WORKING_O_NOFOLLOW 0
| #define ABSOLUTE_FCNTL_H "///home/andrewec/dslinux/uClibc/include/fcntl.h"
| #define GNULIB_FCNTL_SAFER 1
| #define HAVE_INLINE 1
| /* end confdefs.h.  */
| #include <sys/types.h>
|      #include <sys/stat.h>
| 
| int
| main ()
| {
| static struct stat ac_aggr;
| if (sizeof ac_aggr.st_atim.tv_nsec)
| return 0;
|   ;
|   return 0;
| }
configure:7780: result: no
configure:7856: checking for struct stat.st_atimespec.tv_nsec
configure:7886: ucfront-gcc arm-linux-elf-gcc  -c -O2 -g -fomit-frame-pointer -fno-common -fno-builtin -Wall  -mswp-byte-writes -DCONFIG_NDS_ROM8BIT -mcpu=arm946e-s -mfpu=fpe3 -DEMBED -D__PIC__ -fpic -msingle-pic-base -Dlinux -D__linux__ -Dunix -D__uClinux__  conftest.c >&5
conftest.c: In function 'main':
conftest.c:62: error: 'struct stat' has no member named 'st_atimespec'
configure:7892: $? = 1
configure: failed program was:
| /* confdefs.h.  */
| #define PACKAGE_NAME "gzip"
| #define PACKAGE_TARNAME "gzip"
| #define PACKAGE_VERSION "1.3.12"
| #define PACKAGE_STRING "gzip 1.3.12"
| #define PACKAGE_BUGREPORT "bug-gzip@gnu.org"
| #define PACKAGE "gzip"
| #define VERSION "1.3.12"
| #define _GNU_SOURCE 1
| #define STDC_HEADERS 1
| #define HAVE_SYS_TYPES_H 1
| #define HAVE_SYS_STAT_H 1
| #define HAVE_STDLIB_H 1
| #define HAVE_STRING_H 1
| #define HAVE_MEMORY_H 1
| #define HAVE_STRINGS_H 1
| #define HAVE_INTTYPES_H 1
| #define HAVE_STDINT_H 1
| #define HAVE_UNISTD_H 1
| #define __EXTENSIONS__ 1
| #define _POSIX_PTHREAD_SEMANTICS 1
| #define _TANDEM_SOURCE 1
| #define HAVE_DECL_STRERROR_R 1
| #define STRERROR_R_CHAR_P 1
| #define HAVE_FCNTL_H 1
| #define HAVE_SYS_TIME_H 1
| #define HAVE_STDLIB_H 1
| #define HAVE_SYS_STAT_H 1
| #define HAVE_TIME_H 1
| #define HAVE_UNISTD_H 1
| #define HAVE_UTIME_H 1
| #define HAVE_LIMITS_H 1
| #define HAVE_MEMORY_H 1
| #define HAVE_GETOPT_H 1
| #define HAVE_GETOPT_LONG_ONLY 1
| #define HAVE_DECL_GETENV 1
| #define HAVE__BOOL 1
| #define HAVE_STDBOOL_H 1
| #define HAVE_LSTAT 1
| #define HAVE_PIPE 1
| #define HAVE_CHOWN 1
| #define HAVE_FCHMOD 1
| #define HAVE_FCHOWN 1
| #define HAVE_SIGINTERRUPT 1
| #define restrict __restrict
| #define ABSOLUTE_SYS_TIME_H "///home/andrewec/dslinux/uClibc/include/sys/time.h"
| #define ABSOLUTE_TIME_H "///home/andrewec/dslinux/uClibc/include/time.h"
| #define HAVE_STRUCT_UTIMBUF 1
| #define HAVE_WORKING_O_NOATIME 0
| #define HAVE_WORKING_O_NOFOLLOW 0
| #define ABSOLUTE_FCNTL_H "///home/andrewec/dslinux/uClibc/include/fcntl.h"
| #define GNULIB_FCNTL_SAFER 1
| #define HAVE_INLINE 1
| /* end confdefs.h.  */
| #include <sys/types.h>
| 	#include <sys/stat.h>
| 
| int
| main ()
| {
| static struct stat ac_aggr;
| if (ac_aggr.st_atimespec.tv_nsec)
| return 0;
|   ;
|   return 0;
| }
configure:7927: ucfront-gcc arm-linux-elf-gcc  -c -O2 -g -fomit-frame-pointer -fno-common -fno-builtin -Wall  -mswp-byte-writes -DCONFIG_NDS_ROM8BIT -mcpu=arm946e-s -mfpu=fpe3 -DEMBED -D__PIC__ -fpic -msingle-pic-base -Dlinux -D__linux__ -Dunix -D__uClinux__  conftest.c >&5
conftest.c: In function 'main':
conftest.c:62: error: 'struct stat' has no member named 'st_atimespec'
configure:7933: $? = 1
configure: failed program was:
| /* confdefs.h.  */
| #define PACKAGE_NAME "gzip"
| #define PACKAGE_TARNAME "gzip"
| #define PACKAGE_VERSION "1.3.12"
| #define PACKAGE_STRING "gzip 1.3.12"
| #define PACKAGE_BUGREPORT "bug-gzip@gnu.org"
| #define PACKAGE "gzip"
| #define VERSION "1.3.12"
| #define _GNU_SOURCE 1
| #define STDC_HEADERS 1
| #define HAVE_SYS_TYPES_H 1
| #define HAVE_SYS_STAT_H 1
| #define HAVE_STDLIB_H 1
| #define HAVE_STRING_H 1
| #define HAVE_MEMORY_H 1
| #define HAVE_STRINGS_H 1
| #define HAVE_INTTYPES_H 1
| #define HAVE_STDINT_H 1
| #define HAVE_UNISTD_H 1
| #define __EXTENSIONS__ 1
| #define _POSIX_PTHREAD_SEMANTICS 1
| #define _TANDEM_SOURCE 1
| #define HAVE_DECL_STRERROR_R 1
| #define STRERROR_R_CHAR_P 1
| #define HAVE_FCNTL_H 1
| #define HAVE_SYS_TIME_H 1
| #define HAVE_STDLIB_H 1
| #define HAVE_SYS_STAT_H 1
| #define HAVE_TIME_H 1
| #define HAVE_UNISTD_H 1
| #define HAVE_UTIME_H 1
| #define HAVE_LIMITS_H 1
| #define HAVE_MEMORY_H 1
| #define HAVE_GETOPT_H 1
| #define HAVE_GETOPT_LONG_ONLY 1
| #define HAVE_DECL_GETENV 1
| #define HAVE__BOOL 1
| #define HAVE_STDBOOL_H 1
| #define HAVE_LSTAT 1
| #define HAVE_PIPE 1
| #define HAVE_CHOWN 1
| #define HAVE_FCHMOD 1
| #define HAVE_FCHOWN 1
| #define HAVE_SIGINTERRUPT 1
| #define restrict __restrict
| #define ABSOLUTE_SYS_TIME_H "///home/andrewec/dslinux/uClibc/include/sys/time.h"
| #define ABSOLUTE_TIME_H "///home/andrewec/dslinux/uClibc/include/time.h"
| #define HAVE_STRUCT_UTIMBUF 1
| #define HAVE_WORKING_O_NOATIME 0
| #define HAVE_WORKING_O_NOFOLLOW 0
| #define ABSOLUTE_FCNTL_H "///home/andrewec/dslinux/uClibc/include/fcntl.h"
| #define GNULIB_FCNTL_SAFER 1
| #define HAVE_INLINE 1
| /* end confdefs.h.  */
| #include <sys/types.h>
| 	#include <sys/stat.h>
| 
| int
| main ()
| {
| static struct stat ac_aggr;
| if (sizeof ac_aggr.st_atimespec.tv_nsec)
| return 0;
|   ;
|   return 0;
| }
configure:7951: result: no
configure:7961: checking for struct stat.st_atimensec
configure:7991: ucfront-gcc arm-linux-elf-gcc  -c -O2 -g -fomit-frame-pointer -fno-common -fno-builtin -Wall  -mswp-byte-writes -DCONFIG_NDS_ROM8BIT -mcpu=arm946e-s -mfpu=fpe3 -DEMBED -D__PIC__ -fpic -msingle-pic-base -Dlinux -D__linux__ -Dunix -D__uClinux__  conftest.c >&5
conftest.c: In function 'main':
conftest.c:62: error: 'struct stat' has no member named 'st_atimensec'
configure:7997: $? = 1
configure: failed program was:
| /* confdefs.h.  */
| #define PACKAGE_NAME "gzip"
| #define PACKAGE_TARNAME "gzip"
| #define PACKAGE_VERSION "1.3.12"
| #define PACKAGE_STRING "gzip 1.3.12"
| #define PACKAGE_BUGREPORT "bug-gzip@gnu.org"
| #define PACKAGE "gzip"
| #define VERSION "1.3.12"
| #define _GNU_SOURCE 1
| #define STDC_HEADERS 1
| #define HAVE_SYS_TYPES_H 1
| #define HAVE_SYS_STAT_H 1
| #define HAVE_STDLIB_H 1
| #define HAVE_STRING_H 1
| #define HAVE_MEMORY_H 1
| #define HAVE_STRINGS_H 1
| #define HAVE_INTTYPES_H 1
| #define HAVE_STDINT_H 1
| #define HAVE_UNISTD_H 1
| #define __EXTENSIONS__ 1
| #define _POSIX_PTHREAD_SEMANTICS 1
| #define _TANDEM_SOURCE 1
| #define HAVE_DECL_STRERROR_R 1
| #define STRERROR_R_CHAR_P 1
| #define HAVE_FCNTL_H 1
| #define HAVE_SYS_TIME_H 1
| #define HAVE_STDLIB_H 1
| #define HAVE_SYS_STAT_H 1
| #define HAVE_TIME_H 1
| #define HAVE_UNISTD_H 1
| #define HAVE_UTIME_H 1
| #define HAVE_LIMITS_H 1
| #define HAVE_MEMORY_H 1
| #define HAVE_GETOPT_H 1
| #define HAVE_GETOPT_LONG_ONLY 1
| #define HAVE_DECL_GETENV 1
| #define HAVE__BOOL 1
| #define HAVE_STDBOOL_H 1
| #define HAVE_LSTAT 1
| #define HAVE_PIPE 1
| #define HAVE_CHOWN 1
| #define HAVE_FCHMOD 1
| #define HAVE_FCHOWN 1
| #define HAVE_SIGINTERRUPT 1
| #define restrict __restrict
| #define ABSOLUTE_SYS_TIME_H "///home/andrewec/dslinux/uClibc/include/sys/time.h"
| #define ABSOLUTE_TIME_H "///home/andrewec/dslinux/uClibc/include/time.h"
| #define HAVE_STRUCT_UTIMBUF 1
| #define HAVE_WORKING_O_NOATIME 0
| #define HAVE_WORKING_O_NOFOLLOW 0
| #define ABSOLUTE_FCNTL_H "///home/andrewec/dslinux/uClibc/include/fcntl.h"
| #define GNULIB_FCNTL_SAFER 1
| #define HAVE_INLINE 1
| /* end confdefs.h.  */
| #include <sys/types.h>
| 	   #include <sys/stat.h>
| 
| int
| main ()
| {
| static struct stat ac_aggr;
| if (ac_aggr.st_atimensec)
| return 0;
|   ;
|   return 0;
| }
configure:8032: ucfront-gcc arm-linux-elf-gcc  -c -O2 -g -fomit-frame-pointer -fno-common -fno-builtin -Wall  -mswp-byte-writes -DCONFIG_NDS_ROM8BIT -mcpu=arm946e-s -mfpu=fpe3 -DEMBED -D__PIC__ -fpic -msingle-pic-base -Dlinux -D__linux__ -Dunix -D__uClinux__  conftest.c >&5
conftest.c: In function 'main':
conftest.c:62: error: 'struct stat' has no member named 'st_atimensec'
configure:8038: $? = 1
configure: failed program was:
| /* confdefs.h.  */
| #define PACKAGE_NAME "gzip"
| #define PACKAGE_TARNAME "gzip"
| #define PACKAGE_VERSION "1.3.12"
| #define PACKAGE_STRING "gzip 1.3.12"
| #define PACKAGE_BUGREPORT "bug-gzip@gnu.org"
| #define PACKAGE "gzip"
| #define VERSION "1.3.12"
| #define _GNU_SOURCE 1
| #define STDC_HEADERS 1
| #define HAVE_SYS_TYPES_H 1
| #define HAVE_SYS_STAT_H 1
| #define HAVE_STDLIB_H 1
| #define HAVE_STRING_H 1
| #define HAVE_MEMORY_H 1
| #define HAVE_STRINGS_H 1
| #define HAVE_INTTYPES_H 1
| #define HAVE_STDINT_H 1
| #define HAVE_UNISTD_H 1
| #define __EXTENSIONS__ 1
| #define _POSIX_PTHREAD_SEMANTICS 1
| #define _TANDEM_SOURCE 1
| #define HAVE_DECL_STRERROR_R 1
| #define STRERROR_R_CHAR_P 1
| #define HAVE_FCNTL_H 1
| #define HAVE_SYS_TIME_H 1
| #define HAVE_STDLIB_H 1
| #define HAVE_SYS_STAT_H 1
| #define HAVE_TIME_H 1
| #define HAVE_UNISTD_H 1
| #define HAVE_UTIME_H 1
| #define HAVE_LIMITS_H 1
| #define HAVE_MEMORY_H 1
| #define HAVE_GETOPT_H 1
| #define HAVE_GETOPT_LONG_ONLY 1
| #define HAVE_DECL_GETENV 1
| #define HAVE__BOOL 1
| #define HAVE_STDBOOL_H 1
| #define HAVE_LSTAT 1
| #define HAVE_PIPE 1
| #define HAVE_CHOWN 1
| #define HAVE_FCHMOD 1
| #define HAVE_FCHOWN 1
| #define HAVE_SIGINTERRUPT 1
| #define restrict __restrict
| #define ABSOLUTE_SYS_TIME_H "///home/andrewec/dslinux/uClibc/include/sys/time.h"
| #define ABSOLUTE_TIME_H "///home/andrewec/dslinux/uClibc/include/time.h"
| #define HAVE_STRUCT_UTIMBUF 1
| #define HAVE_WORKING_O_NOATIME 0
| #define HAVE_WORKING_O_NOFOLLOW 0
| #define ABSOLUTE_FCNTL_H "///home/andrewec/dslinux/uClibc/include/fcntl.h"
| #define GNULIB_FCNTL_SAFER 1
| #define HAVE_INLINE 1
| /* end confdefs.h.  */
| #include <sys/types.h>
| 	   #include <sys/stat.h>
| 
| int
| main ()
| {
| static struct stat ac_aggr;
| if (sizeof ac_aggr.st_atimensec)
| return 0;
|   ;
|   return 0;
| }
configure:8056: result: no
configure:8066: checking for struct stat.st_atim.st__tim.tv_nsec
configure:8096: ucfront-gcc arm-linux-elf-gcc  -c -O2 -g -fomit-frame-pointer -fno-common -fno-builtin -Wall  -mswp-byte-writes -DCONFIG_NDS_ROM8BIT -mcpu=arm946e-s -mfpu=fpe3 -DEMBED -D__PIC__ -fpic -msingle-pic-base -Dlinux -D__linux__ -Dunix -D__uClinux__  conftest.c >&5
conftest.c: In function 'main':
conftest.c:62: error: 'struct stat' has no member named 'st_atim'
configure:8102: $? = 1
configure: failed program was:
| /* confdefs.h.  */
| #define PACKAGE_NAME "gzip"
| #define PACKAGE_TARNAME "gzip"
| #define PACKAGE_VERSION "1.3.12"
| #define PACKAGE_STRING "gzip 1.3.12"
| #define PACKAGE_BUGREPORT "bug-gzip@gnu.org"
| #define PACKAGE "gzip"
| #define VERSION "1.3.12"
| #define _GNU_SOURCE 1
| #define STDC_HEADERS 1
| #define HAVE_SYS_TYPES_H 1
| #define HAVE_SYS_STAT_H 1
| #define HAVE_STDLIB_H 1
| #define HAVE_STRING_H 1
| #define HAVE_MEMORY_H 1
| #define HAVE_STRINGS_H 1
| #define HAVE_INTTYPES_H 1
| #define HAVE_STDINT_H 1
| #define HAVE_UNISTD_H 1
| #define __EXTENSIONS__ 1
| #define _POSIX_PTHREAD_SEMANTICS 1
| #define _TANDEM_SOURCE 1
| #define HAVE_DECL_STRERROR_R 1
| #define STRERROR_R_CHAR_P 1
| #define HAVE_FCNTL_H 1
| #define HAVE_SYS_TIME_H 1
| #define HAVE_STDLIB_H 1
| #define HAVE_SYS_STAT_H 1
| #define HAVE_TIME_H 1
| #define HAVE_UNISTD_H 1
| #define HAVE_UTIME_H 1
| #define HAVE_LIMITS_H 1
| #define HAVE_MEMORY_H 1
| #define HAVE_GETOPT_H 1
| #define HAVE_GETOPT_LONG_ONLY 1
| #define HAVE_DECL_GETENV 1
| #define HAVE__BOOL 1
| #define HAVE_STDBOOL_H 1
| #define HAVE_LSTAT 1
| #define HAVE_PIPE 1
| #define HAVE_CHOWN 1
| #define HAVE_FCHMOD 1
| #define HAVE_FCHOWN 1
| #define HAVE_SIGINTERRUPT 1
| #define restrict __restrict
| #define ABSOLUTE_SYS_TIME_H "///home/andrewec/dslinux/uClibc/include/sys/time.h"
| #define ABSOLUTE_TIME_H "///home/andrewec/dslinux/uClibc/include/time.h"
| #define HAVE_STRUCT_UTIMBUF 1
| #define HAVE_WORKING_O_NOATIME 0
| #define HAVE_WORKING_O_NOFOLLOW 0
| #define ABSOLUTE_FCNTL_H "///home/andrewec/dslinux/uClibc/include/fcntl.h"
| #define GNULIB_FCNTL_SAFER 1
| #define HAVE_INLINE 1
| /* end confdefs.h.  */
| #include <sys/types.h>
| 	      #include <sys/stat.h>
| 
| int
| main ()
| {
| static struct stat ac_aggr;
| if (ac_aggr.st_atim.st__tim.tv_nsec)
| return 0;
|   ;
|   return 0;
| }
configure:8137: ucfront-gcc arm-linux-elf-gcc  -c -O2 -g -fomit-frame-pointer -fno-common -fno-builtin -Wall  -mswp-byte-writes -DCONFIG_NDS_ROM8BIT -mcpu=arm946e-s -mfpu=fpe3 -DEMBED -D__PIC__ -fpic -msingle-pic-base -Dlinux -D__linux__ -Dunix -D__uClinux__  conftest.c >&5
conftest.c: In function 'main':
conftest.c:62: error: 'struct stat' has no member named 'st_atim'
configure:8143: $? = 1
configure: failed program was:
| /* confdefs.h.  */
| #define PACKAGE_NAME "gzip"
| #define PACKAGE_TARNAME "gzip"
| #define PACKAGE_VERSION "1.3.12"
| #define PACKAGE_STRING "gzip 1.3.12"
| #define PACKAGE_BUGREPORT "bug-gzip@gnu.org"
| #define PACKAGE "gzip"
| #define VERSION "1.3.12"
| #define _GNU_SOURCE 1
| #define STDC_HEADERS 1
| #define HAVE_SYS_TYPES_H 1
| #define HAVE_SYS_STAT_H 1
| #define HAVE_STDLIB_H 1
| #define HAVE_STRING_H 1
| #define HAVE_MEMORY_H 1
| #define HAVE_STRINGS_H 1
| #define HAVE_INTTYPES_H 1
| #define HAVE_STDINT_H 1
| #define HAVE_UNISTD_H 1
| #define __EXTENSIONS__ 1
| #define _POSIX_PTHREAD_SEMANTICS 1
| #define _TANDEM_SOURCE 1
| #define HAVE_DECL_STRERROR_R 1
| #define STRERROR_R_CHAR_P 1
| #define HAVE_FCNTL_H 1
| #define HAVE_SYS_TIME_H 1
| #define HAVE_STDLIB_H 1
| #define HAVE_SYS_STAT_H 1
| #define HAVE_TIME_H 1
| #define HAVE_UNISTD_H 1
| #define HAVE_UTIME_H 1
| #define HAVE_LIMITS_H 1
| #define HAVE_MEMORY_H 1
| #define HAVE_GETOPT_H 1
| #define HAVE_GETOPT_LONG_ONLY 1
| #define HAVE_DECL_GETENV 1
| #define HAVE__BOOL 1
| #define HAVE_STDBOOL_H 1
| #define HAVE_LSTAT 1
| #define HAVE_PIPE 1
| #define HAVE_CHOWN 1
| #define HAVE_FCHMOD 1
| #define HAVE_FCHOWN 1
| #define HAVE_SIGINTERRUPT 1
| #define restrict __restrict
| #define ABSOLUTE_SYS_TIME_H "///home/andrewec/dslinux/uClibc/include/sys/time.h"
| #define ABSOLUTE_TIME_H "///home/andrewec/dslinux/uClibc/include/time.h"
| #define HAVE_STRUCT_UTIMBUF 1
| #define HAVE_WORKING_O_NOATIME 0
| #define HAVE_WORKING_O_NOFOLLOW 0
| #define ABSOLUTE_FCNTL_H "///home/andrewec/dslinux/uClibc/include/fcntl.h"
| #define GNULIB_FCNTL_SAFER 1
| #define HAVE_INLINE 1
| /* end confdefs.h.  */
| #include <sys/types.h>
| 	      #include <sys/stat.h>
| 
| int
| main ()
| {
| static struct stat ac_aggr;
| if (sizeof ac_aggr.st_atim.st__tim.tv_nsec)
| return 0;
|   ;
|   return 0;
| }
configure:8161: result: no
configure:8188: checking for struct stat.st_birthtimespec.tv_nsec
configure:8218: ucfront-gcc arm-linux-elf-gcc  -c -O2 -g -fomit-frame-pointer -fno-common -fno-builtin -Wall  -mswp-byte-writes -DCONFIG_NDS_ROM8BIT -mcpu=arm946e-s -mfpu=fpe3 -DEMBED -D__PIC__ -fpic -msingle-pic-base -Dlinux -D__linux__ -Dunix -D__uClinux__  conftest.c >&5
conftest.c: In function 'main':
conftest.c:62: error: 'struct stat' has no member named 'st_birthtimespec'
configure:8224: $? = 1
configure: failed program was:
| /* confdefs.h.  */
| #define PACKAGE_NAME "gzip"
| #define PACKAGE_TARNAME "gzip"
| #define PACKAGE_VERSION "1.3.12"
| #define PACKAGE_STRING "gzip 1.3.12"
| #define PACKAGE_BUGREPORT "bug-gzip@gnu.org"
| #define PACKAGE "gzip"
| #define VERSION "1.3.12"
| #define _GNU_SOURCE 1
| #define STDC_HEADERS 1
| #define HAVE_SYS_TYPES_H 1
| #define HAVE_SYS_STAT_H 1
| #define HAVE_STDLIB_H 1
| #define HAVE_STRING_H 1
| #define HAVE_MEMORY_H 1
| #define HAVE_STRINGS_H 1
| #define HAVE_INTTYPES_H 1
| #define HAVE_STDINT_H 1
| #define HAVE_UNISTD_H 1
| #define __EXTENSIONS__ 1
| #define _POSIX_PTHREAD_SEMANTICS 1
| #define _TANDEM_SOURCE 1
| #define HAVE_DECL_STRERROR_R 1
| #define STRERROR_R_CHAR_P 1
| #define HAVE_FCNTL_H 1
| #define HAVE_SYS_TIME_H 1
| #define HAVE_STDLIB_H 1
| #define HAVE_SYS_STAT_H 1
| #define HAVE_TIME_H 1
| #define HAVE_UNISTD_H 1
| #define HAVE_UTIME_H 1
| #define HAVE_LIMITS_H 1
| #define HAVE_MEMORY_H 1
| #define HAVE_GETOPT_H 1
| #define HAVE_GETOPT_LONG_ONLY 1
| #define HAVE_DECL_GETENV 1
| #define HAVE__BOOL 1
| #define HAVE_STDBOOL_H 1
| #define HAVE_LSTAT 1
| #define HAVE_PIPE 1
| #define HAVE_CHOWN 1
| #define HAVE_FCHMOD 1
| #define HAVE_FCHOWN 1
| #define HAVE_SIGINTERRUPT 1
| #define restrict __restrict
| #define ABSOLUTE_SYS_TIME_H "///home/andrewec/dslinux/uClibc/include/sys/time.h"
| #define ABSOLUTE_TIME_H "///home/andrewec/dslinux/uClibc/include/time.h"
| #define HAVE_STRUCT_UTIMBUF 1
| #define HAVE_WORKING_O_NOATIME 0
| #define HAVE_WORKING_O_NOFOLLOW 0
| #define ABSOLUTE_FCNTL_H "///home/andrewec/dslinux/uClibc/include/fcntl.h"
| #define GNULIB_FCNTL_SAFER 1
| #define HAVE_INLINE 1
| /* end confdefs.h.  */
| #include <sys/types.h>
|      #include <sys/stat.h>
| 
| int
| main ()
| {
| static struct stat ac_aggr;
| if (ac_aggr.st_birthtimespec.tv_nsec)
| return 0;
|   ;
|   return 0;
| }
configure:8259: ucfront-gcc arm-linux-elf-gcc  -c -O2 -g -fomit-frame-pointer -fno-common -fno-builtin -Wall  -mswp-byte-writes -DCONFIG_NDS_ROM8BIT -mcpu=arm946e-s -mfpu=fpe3 -DEMBED -D__PIC__ -fpic -msingle-pic-base -Dlinux -D__linux__ -Dunix -D__uClinux__  conftest.c >&5
conftest.c: In function 'main':
conftest.c:62: error: 'struct stat' has no member named 'st_birthtimespec'
configure:8265: $? = 1
configure: failed program was:
| /* confdefs.h.  */
| #define PACKAGE_NAME "gzip"
| #define PACKAGE_TARNAME "gzip"
| #define PACKAGE_VERSION "1.3.12"
| #define PACKAGE_STRING "gzip 1.3.12"
| #define PACKAGE_BUGREPORT "bug-gzip@gnu.org"
| #define PACKAGE "gzip"
| #define VERSION "1.3.12"
| #define _GNU_SOURCE 1
| #define STDC_HEADERS 1
| #define HAVE_SYS_TYPES_H 1
| #define HAVE_SYS_STAT_H 1
| #define HAVE_STDLIB_H 1
| #define HAVE_STRING_H 1
| #define HAVE_MEMORY_H 1
| #define HAVE_STRINGS_H 1
| #define HAVE_INTTYPES_H 1
| #define HAVE_STDINT_H 1
| #define HAVE_UNISTD_H 1
| #define __EXTENSIONS__ 1
| #define _POSIX_PTHREAD_SEMANTICS 1
| #define _TANDEM_SOURCE 1
| #define HAVE_DECL_STRERROR_R 1
| #define STRERROR_R_CHAR_P 1
| #define HAVE_FCNTL_H 1
| #define HAVE_SYS_TIME_H 1
| #define HAVE_STDLIB_H 1
| #define HAVE_SYS_STAT_H 1
| #define HAVE_TIME_H 1
| #define HAVE_UNISTD_H 1
| #define HAVE_UTIME_H 1
| #define HAVE_LIMITS_H 1
| #define HAVE_MEMORY_H 1
| #define HAVE_GETOPT_H 1
| #define HAVE_GETOPT_LONG_ONLY 1
| #define HAVE_DECL_GETENV 1
| #define HAVE__BOOL 1
| #define HAVE_STDBOOL_H 1
| #define HAVE_LSTAT 1
| #define HAVE_PIPE 1
| #define HAVE_CHOWN 1
| #define HAVE_FCHMOD 1
| #define HAVE_FCHOWN 1
| #define HAVE_SIGINTERRUPT 1
| #define restrict __restrict
| #define ABSOLUTE_SYS_TIME_H "///home/andrewec/dslinux/uClibc/include/sys/time.h"
| #define ABSOLUTE_TIME_H "///home/andrewec/dslinux/uClibc/include/time.h"
| #define HAVE_STRUCT_UTIMBUF 1
| #define HAVE_WORKING_O_NOATIME 0
| #define HAVE_WORKING_O_NOFOLLOW 0
| #define ABSOLUTE_FCNTL_H "///home/andrewec/dslinux/uClibc/include/fcntl.h"
| #define GNULIB_FCNTL_SAFER 1
| #define HAVE_INLINE 1
| /* end confdefs.h.  */
| #include <sys/types.h>
|      #include <sys/stat.h>
| 
| int
| main ()
| {
| static struct stat ac_aggr;
| if (sizeof ac_aggr.st_birthtimespec.tv_nsec)
| return 0;
|   ;
|   return 0;
| }
configure:8283: result: no
configure:8293: checking for struct stat.st_birthtimensec
configure:8323: ucfront-gcc arm-linux-elf-gcc  -c -O2 -g -fomit-frame-pointer -fno-common -fno-builtin -Wall  -mswp-byte-writes -DCONFIG_NDS_ROM8BIT -mcpu=arm946e-s -mfpu=fpe3 -DEMBED -D__PIC__ -fpic -msingle-pic-base -Dlinux -D__linux__ -Dunix -D__uClinux__  conftest.c >&5
conftest.c: In function 'main':
conftest.c:62: error: 'struct stat' has no member named 'st_birthtimensec'
configure:8329: $? = 1
configure: failed program was:
| /* confdefs.h.  */
| #define PACKAGE_NAME "gzip"
| #define PACKAGE_TARNAME "gzip"
| #define PACKAGE_VERSION "1.3.12"
| #define PACKAGE_STRING "gzip 1.3.12"
| #define PACKAGE_BUGREPORT "bug-gzip@gnu.org"
| #define PACKAGE "gzip"
| #define VERSION "1.3.12"
| #define _GNU_SOURCE 1
| #define STDC_HEADERS 1
| #define HAVE_SYS_TYPES_H 1
| #define HAVE_SYS_STAT_H 1
| #define HAVE_STDLIB_H 1
| #define HAVE_STRING_H 1
| #define HAVE_MEMORY_H 1
| #define HAVE_STRINGS_H 1
| #define HAVE_INTTYPES_H 1
| #define HAVE_STDINT_H 1
| #define HAVE_UNISTD_H 1
| #define __EXTENSIONS__ 1
| #define _POSIX_PTHREAD_SEMANTICS 1
| #define _TANDEM_SOURCE 1
| #define HAVE_DECL_STRERROR_R 1
| #define STRERROR_R_CHAR_P 1
| #define HAVE_FCNTL_H 1
| #define HAVE_SYS_TIME_H 1
| #define HAVE_STDLIB_H 1
| #define HAVE_SYS_STAT_H 1
| #define HAVE_TIME_H 1
| #define HAVE_UNISTD_H 1
| #define HAVE_UTIME_H 1
| #define HAVE_LIMITS_H 1
| #define HAVE_MEMORY_H 1
| #define HAVE_GETOPT_H 1
| #define HAVE_GETOPT_LONG_ONLY 1
| #define HAVE_DECL_GETENV 1
| #define HAVE__BOOL 1
| #define HAVE_STDBOOL_H 1
| #define HAVE_LSTAT 1
| #define HAVE_PIPE 1
| #define HAVE_CHOWN 1
| #define HAVE_FCHMOD 1
| #define HAVE_FCHOWN 1
| #define HAVE_SIGINTERRUPT 1
| #define restrict __restrict
| #define ABSOLUTE_SYS_TIME_H "///home/andrewec/dslinux/uClibc/include/sys/time.h"
| #define ABSOLUTE_TIME_H "///home/andrewec/dslinux/uClibc/include/time.h"
| #define HAVE_STRUCT_UTIMBUF 1
| #define HAVE_WORKING_O_NOATIME 0
| #define HAVE_WORKING_O_NOFOLLOW 0
| #define ABSOLUTE_FCNTL_H "///home/andrewec/dslinux/uClibc/include/fcntl.h"
| #define GNULIB_FCNTL_SAFER 1
| #define HAVE_INLINE 1
| /* end confdefs.h.  */
| #include <sys/types.h>
| 	#include <sys/stat.h>
| 
| int
| main ()
| {
| static struct stat ac_aggr;
| if (ac_aggr.st_birthtimensec)
| return 0;
|   ;
|   return 0;
| }
configure:8364: ucfront-gcc arm-linux-elf-gcc  -c -O2 -g -fomit-frame-pointer -fno-common -fno-builtin -Wall  -mswp-byte-writes -DCONFIG_NDS_ROM8BIT -mcpu=arm946e-s -mfpu=fpe3 -DEMBED -D__PIC__ -fpic -msingle-pic-base -Dlinux -D__linux__ -Dunix -D__uClinux__  conftest.c >&5
conftest.c: In function 'main':
conftest.c:62: error: 'struct stat' has no member named 'st_birthtimensec'
configure:8370: $? = 1
configure: failed program was:
| /* confdefs.h.  */
| #define PACKAGE_NAME "gzip"
| #define PACKAGE_TARNAME "gzip"
| #define PACKAGE_VERSION "1.3.12"
| #define PACKAGE_STRING "gzip 1.3.12"
| #define PACKAGE_BUGREPORT "bug-gzip@gnu.org"
| #define PACKAGE "gzip"
| #define VERSION "1.3.12"
| #define _GNU_SOURCE 1
| #define STDC_HEADERS 1
| #define HAVE_SYS_TYPES_H 1
| #define HAVE_SYS_STAT_H 1
| #define HAVE_STDLIB_H 1
| #define HAVE_STRING_H 1
| #define HAVE_MEMORY_H 1
| #define HAVE_STRINGS_H 1
| #define HAVE_INTTYPES_H 1
| #define HAVE_STDINT_H 1
| #define HAVE_UNISTD_H 1
| #define __EXTENSIONS__ 1
| #define _POSIX_PTHREAD_SEMANTICS 1
| #define _TANDEM_SOURCE 1
| #define HAVE_DECL_STRERROR_R 1
| #define STRERROR_R_CHAR_P 1
| #define HAVE_FCNTL_H 1
| #define HAVE_SYS_TIME_H 1
| #define HAVE_STDLIB_H 1
| #define HAVE_SYS_STAT_H 1
| #define HAVE_TIME_H 1
| #define HAVE_UNISTD_H 1
| #define HAVE_UTIME_H 1
| #define HAVE_LIMITS_H 1
| #define HAVE_MEMORY_H 1
| #define HAVE_GETOPT_H 1
| #define HAVE_GETOPT_LONG_ONLY 1
| #define HAVE_DECL_GETENV 1
| #define HAVE__BOOL 1
| #define HAVE_STDBOOL_H 1
| #define HAVE_LSTAT 1
| #define HAVE_PIPE 1
| #define HAVE_CHOWN 1
| #define HAVE_FCHMOD 1
| #define HAVE_FCHOWN 1
| #define HAVE_SIGINTERRUPT 1
| #define restrict __restrict
| #define ABSOLUTE_SYS_TIME_H "///home/andrewec/dslinux/uClibc/include/sys/time.h"
| #define ABSOLUTE_TIME_H "///home/andrewec/dslinux/uClibc/include/time.h"
| #define HAVE_STRUCT_UTIMBUF 1
| #define HAVE_WORKING_O_NOATIME 0
| #define HAVE_WORKING_O_NOFOLLOW 0
| #define ABSOLUTE_FCNTL_H "///home/andrewec/dslinux/uClibc/include/fcntl.h"
| #define GNULIB_FCNTL_SAFER 1
| #define HAVE_INLINE 1
| /* end confdefs.h.  */
| #include <sys/types.h>
| 	#include <sys/stat.h>
| 
| int
| main ()
| {
| static struct stat ac_aggr;
| if (sizeof ac_aggr.st_birthtimensec)
| return 0;
|   ;
|   return 0;
| }
configure:8388: result: no
configure:8398: checking for struct stat.st_birthtim.tv_nsec
configure:8428: ucfront-gcc arm-linux-elf-gcc  -c -O2 -g -fomit-frame-pointer -fno-common -fno-builtin -Wall  -mswp-byte-writes -DCONFIG_NDS_ROM8BIT -mcpu=arm946e-s -mfpu=fpe3 -DEMBED -D__PIC__ -fpic -msingle-pic-base -Dlinux -D__linux__ -Dunix -D__uClinux__  conftest.c >&5
conftest.c: In function 'main':
conftest.c:62: error: 'struct stat' has no member named 'st_birthtim'
configure:8434: $? = 1
configure: failed program was:
| /* confdefs.h.  */
| #define PACKAGE_NAME "gzip"
| #define PACKAGE_TARNAME "gzip"
| #define PACKAGE_VERSION "1.3.12"
| #define PACKAGE_STRING "gzip 1.3.12"
| #define PACKAGE_BUGREPORT "bug-gzip@gnu.org"
| #define PACKAGE "gzip"
| #define VERSION "1.3.12"
| #define _GNU_SOURCE 1
| #define STDC_HEADERS 1
| #define HAVE_SYS_TYPES_H 1
| #define HAVE_SYS_STAT_H 1
| #define HAVE_STDLIB_H 1
| #define HAVE_STRING_H 1
| #define HAVE_MEMORY_H 1
| #define HAVE_STRINGS_H 1
| #define HAVE_INTTYPES_H 1
| #define HAVE_STDINT_H 1
| #define HAVE_UNISTD_H 1
| #define __EXTENSIONS__ 1
| #define _POSIX_PTHREAD_SEMANTICS 1
| #define _TANDEM_SOURCE 1
| #define HAVE_DECL_STRERROR_R 1
| #define STRERROR_R_CHAR_P 1
| #define HAVE_FCNTL_H 1
| #define HAVE_SYS_TIME_H 1
| #define HAVE_STDLIB_H 1
| #define HAVE_SYS_STAT_H 1
| #define HAVE_TIME_H 1
| #define HAVE_UNISTD_H 1
| #define HAVE_UTIME_H 1
| #define HAVE_LIMITS_H 1
| #define HAVE_MEMORY_H 1
| #define HAVE_GETOPT_H 1
| #define HAVE_GETOPT_LONG_ONLY 1
| #define HAVE_DECL_GETENV 1
| #define HAVE__BOOL 1
| #define HAVE_STDBOOL_H 1
| #define HAVE_LSTAT 1
| #define HAVE_PIPE 1
| #define HAVE_CHOWN 1
| #define HAVE_FCHMOD 1
| #define HAVE_FCHOWN 1
| #define HAVE_SIGINTERRUPT 1
| #define restrict __restrict
| #define ABSOLUTE_SYS_TIME_H "///home/andrewec/dslinux/uClibc/include/sys/time.h"
| #define ABSOLUTE_TIME_H "///home/andrewec/dslinux/uClibc/include/time.h"
| #define HAVE_STRUCT_UTIMBUF 1
| #define HAVE_WORKING_O_NOATIME 0
| #define HAVE_WORKING_O_NOFOLLOW 0
| #define ABSOLUTE_FCNTL_H "///home/andrewec/dslinux/uClibc/include/fcntl.h"
| #define GNULIB_FCNTL_SAFER 1
| #define HAVE_INLINE 1
| /* end confdefs.h.  */
| #include <sys/types.h>
| 	  #include <sys/stat.h>
| 
| int
| main ()
| {
| static struct stat ac_aggr;
| if (ac_aggr.st_birthtim.tv_nsec)
| return 0;
|   ;
|   return 0;
| }
configure:8469: ucfront-gcc arm-linux-elf-gcc  -c -O2 -g -fomit-frame-pointer -fno-common -fno-builtin -Wall  -mswp-byte-writes -DCONFIG_NDS_ROM8BIT -mcpu=arm946e-s -mfpu=fpe3 -DEMBED -D__PIC__ -fpic -msingle-pic-base -Dlinux -D__linux__ -Dunix -D__uClinux__  conftest.c >&5
conftest.c: In function 'main':
conftest.c:62: error: 'struct stat' has no member named 'st_birthtim'
configure:8475: $? = 1
configure: failed program was:
| /* confdefs.h.  */
| #define PACKAGE_NAME "gzip"
| #define PACKAGE_TARNAME "gzip"
| #define PACKAGE_VERSION "1.3.12"
| #define PACKAGE_STRING "gzip 1.3.12"
| #define PACKAGE_BUGREPORT "bug-gzip@gnu.org"
| #define PACKAGE "gzip"
| #define VERSION "1.3.12"
| #define _GNU_SOURCE 1
| #define STDC_HEADERS 1
| #define HAVE_SYS_TYPES_H 1
| #define HAVE_SYS_STAT_H 1
| #define HAVE_STDLIB_H 1
| #define HAVE_STRING_H 1
| #define HAVE_MEMORY_H 1
| #define HAVE_STRINGS_H 1
| #define HAVE_INTTYPES_H 1
| #define HAVE_STDINT_H 1
| #define HAVE_UNISTD_H 1
| #define __EXTENSIONS__ 1
| #define _POSIX_PTHREAD_SEMANTICS 1
| #define _TANDEM_SOURCE 1
| #define HAVE_DECL_STRERROR_R 1
| #define STRERROR_R_CHAR_P 1
| #define HAVE_FCNTL_H 1
| #define HAVE_SYS_TIME_H 1
| #define HAVE_STDLIB_H 1
| #define HAVE_SYS_STAT_H 1
| #define HAVE_TIME_H 1
| #define HAVE_UNISTD_H 1
| #define HAVE_UTIME_H 1
| #define HAVE_LIMITS_H 1
| #define HAVE_MEMORY_H 1
| #define HAVE_GETOPT_H 1
| #define HAVE_GETOPT_LONG_ONLY 1
| #define HAVE_DECL_GETENV 1
| #define HAVE__BOOL 1
| #define HAVE_STDBOOL_H 1
| #define HAVE_LSTAT 1
| #define HAVE_PIPE 1
| #define HAVE_CHOWN 1
| #define HAVE_FCHMOD 1
| #define HAVE_FCHOWN 1
| #define HAVE_SIGINTERRUPT 1
| #define restrict __restrict
| #define ABSOLUTE_SYS_TIME_H "///home/andrewec/dslinux/uClibc/include/sys/time.h"
| #define ABSOLUTE_TIME_H "///home/andrewec/dslinux/uClibc/include/time.h"
| #define HAVE_STRUCT_UTIMBUF 1
| #define HAVE_WORKING_O_NOATIME 0
| #define HAVE_WORKING_O_NOFOLLOW 0
| #define ABSOLUTE_FCNTL_H "///home/andrewec/dslinux/uClibc/include/fcntl.h"
| #define GNULIB_FCNTL_SAFER 1
| #define HAVE_INLINE 1
| /* end confdefs.h.  */
| #include <sys/types.h>
| 	  #include <sys/stat.h>
| 
| int
| main ()
| {
| static struct stat ac_aggr;
| if (sizeof ac_aggr.st_birthtim.tv_nsec)
| return 0;
|   ;
|   return 0;
| }
configure:8493: result: no
configure:8530: checking absolute name of <stdlib.h>
configure:8554: result: ///home/andrewec/dslinux/uClibc/include/stdlib.h
configure:8572: checking whether mkdir is declared
configure:8602: ucfront-gcc arm-linux-elf-gcc  -c -O2 -g -fomit-frame-pointer -fno-common -fno-builtin -Wall  -mswp-byte-writes -DCONFIG_NDS_ROM8BIT -mcpu=arm946e-s -mfpu=fpe3 -DEMBED -D__PIC__ -fpic -msingle-pic-base -Dlinux -D__linux__ -Dunix -D__uClinux__  conftest.c >&5
configure:8608: $? = 0
configure:8623: result: yes
configure:8789: checking absolute name of <sys/stat.h>
configure:8813: result: ///home/andrewec/dslinux/uClibc/include/sys/stat.h
configure:8825: checking for a thread-safe mkdir -p
configure:8864: result: /bin/mkdir -p
configure:8870: checking for a thread-safe mkdir -p
configure:8909: result: /bin/mkdir -p
configure:8926: checking absolute name of <unistd.h>
configure:8950: result: ///home/andrewec/dslinux/uClibc/include/unistd.h
configure:9020: checking for underline in external names
configure:9047: ucfront-gcc arm-linux-elf-gcc  -c -O2 -g -fomit-frame-pointer -fno-common -fno-builtin -Wall  -mswp-byte-writes -DCONFIG_NDS_ROM8BIT -mcpu=arm946e-s -mfpu=fpe3 -DEMBED -D__PIC__ -fpic -msingle-pic-base -Dlinux -D__linux__ -Dunix -D__uClinux__  conftest.c >&5
configure:9053: $? = 0
configure:9069: result: no
configure:9080: checking for an assembler syntax supported by this package
configure:9110: result: no
configure:9132: checking for library containing strerror
configure:9173: ucfront-gcc arm-linux-elf-gcc  -o conftest -O2 -g -fomit-frame-pointer -fno-common -fno-builtin -Wall  -mswp-byte-writes -DCONFIG_NDS_ROM8BIT -mcpu=arm946e-s -mfpu=fpe3 -DEMBED -D__PIC__ -fpic -msingle-pic-base -Dlinux -D__linux__ -Dunix -D__uClinux__  -Wl,-elf2flt -D__PIC__ -fpic -msingle-pic-base -mswp-byte-writes conftest.c  >&5
No relocations in code!
configure:9179: $? = 0
configure:9207: result: none required
configure:9215: checking for an ANSI C-conforming const
configure:9290: ucfront-gcc arm-linux-elf-gcc  -c -O2 -g -fomit-frame-pointer -fno-common -fno-builtin -Wall  -mswp-byte-writes -DCONFIG_NDS_ROM8BIT -mcpu=arm946e-s -mfpu=fpe3 -DEMBED -D__PIC__ -fpic -msingle-pic-base -Dlinux -D__linux__ -Dunix -D__uClinux__  conftest.c >&5
conftest.c: In function 'main':
conftest.c:88: warning: 't' is used uninitialized in this function
conftest.c:104: warning: 'b' is used uninitialized in this function
conftest.c:110: warning: 'cs[0]' is used uninitialized in this function
configure:9296: $? = 0
configure:9311: result: yes
configure:9321: checking for ANSI C header files
configure:9485: result: yes
configure:9545: checking for dirent.h that defines DIR
configure:9574: ucfront-gcc arm-linux-elf-gcc  -c -O2 -g -fomit-frame-pointer -fno-common -fno-builtin -Wall  -mswp-byte-writes -DCONFIG_NDS_ROM8BIT -mcpu=arm946e-s -mfpu=fpe3 -DEMBED -D__PIC__ -fpic -msingle-pic-base -Dlinux -D__linux__ -Dunix -D__uClinux__  conftest.c >&5
configure:9580: $? = 0
configure:9596: result: yes
configure:9609: checking for library containing opendir
configure:9650: ucfront-gcc arm-linux-elf-gcc  -o conftest -O2 -g -fomit-frame-pointer -fno-common -fno-builtin -Wall  -mswp-byte-writes -DCONFIG_NDS_ROM8BIT -mcpu=arm946e-s -mfpu=fpe3 -DEMBED -D__PIC__ -fpic -msingle-pic-base -Dlinux -D__linux__ -Dunix -D__uClinux__  -Wl,-elf2flt -D__PIC__ -fpic -msingle-pic-base -mswp-byte-writes conftest.c  >&5
configure:9656: $? = 0
configure:9684: result: none required
configure:9778: checking return type of signal handlers
configure:9806: ucfront-gcc arm-linux-elf-gcc  -c -O2 -g -fomit-frame-pointer -fno-common -fno-builtin -Wall  -mswp-byte-writes -DCONFIG_NDS_ROM8BIT -mcpu=arm946e-s -mfpu=fpe3 -DEMBED -D__PIC__ -fpic -msingle-pic-base -Dlinux -D__linux__ -Dunix -D__uClinux__  conftest.c >&5
conftest.c: In function 'main':
conftest.c:67: error: void value not ignored as it ought to be
configure:9812: $? = 1
configure: failed program was:
| /* confdefs.h.  */
| #define PACKAGE_NAME "gzip"
| #define PACKAGE_TARNAME "gzip"
| #define PACKAGE_VERSION "1.3.12"
| #define PACKAGE_STRING "gzip 1.3.12"
| #define PACKAGE_BUGREPORT "bug-gzip@gnu.org"
| #define PACKAGE "gzip"
| #define VERSION "1.3.12"
| #define _GNU_SOURCE 1
| #define STDC_HEADERS 1
| #define HAVE_SYS_TYPES_H 1
| #define HAVE_SYS_STAT_H 1
| #define HAVE_STDLIB_H 1
| #define HAVE_STRING_H 1
| #define HAVE_MEMORY_H 1
| #define HAVE_STRINGS_H 1
| #define HAVE_INTTYPES_H 1
| #define HAVE_STDINT_H 1
| #define HAVE_UNISTD_H 1
| #define __EXTENSIONS__ 1
| #define _POSIX_PTHREAD_SEMANTICS 1
| #define _TANDEM_SOURCE 1
| #define HAVE_DECL_STRERROR_R 1
| #define STRERROR_R_CHAR_P 1
| #define HAVE_FCNTL_H 1
| #define HAVE_SYS_TIME_H 1
| #define HAVE_STDLIB_H 1
| #define HAVE_SYS_STAT_H 1
| #define HAVE_TIME_H 1
| #define HAVE_UNISTD_H 1
| #define HAVE_UTIME_H 1
| #define HAVE_LIMITS_H 1
| #define HAVE_MEMORY_H 1
| #define HAVE_GETOPT_H 1
| #define HAVE_GETOPT_LONG_ONLY 1
| #define HAVE_DECL_GETENV 1
| #define HAVE__BOOL 1
| #define HAVE_STDBOOL_H 1
| #define HAVE_LSTAT 1
| #define HAVE_PIPE 1
| #define HAVE_CHOWN 1
| #define HAVE_FCHMOD 1
| #define HAVE_FCHOWN 1
| #define HAVE_SIGINTERRUPT 1
| #define restrict __restrict
| #define ABSOLUTE_SYS_TIME_H "///home/andrewec/dslinux/uClibc/include/sys/time.h"
| #define ABSOLUTE_TIME_H "///home/andrewec/dslinux/uClibc/include/time.h"
| #define HAVE_STRUCT_UTIMBUF 1
| #define HAVE_WORKING_O_NOATIME 0
| #define HAVE_WORKING_O_NOFOLLOW 0
| #define ABSOLUTE_FCNTL_H "///home/andrewec/dslinux/uClibc/include/fcntl.h"
| #define GNULIB_FCNTL_SAFER 1
| #define HAVE_INLINE 1
| #define ABSOLUTE_STDLIB_H "///home/andrewec/dslinux/uClibc/include/stdlib.h"
| #define HAVE_DECL_MKDIR 1
| #define ABSOLUTE_SYS_STAT_H "///home/andrewec/dslinux/uClibc/include/sys/stat.h"
| #define ABSOLUTE_UNISTD_H "///home/andrewec/dslinux/uClibc/include/unistd.h"
| #define STDC_HEADERS 1
| #define HAVE_DIRENT_H 1
| /* end confdefs.h.  */
| #include <sys/types.h>
| #include <signal.h>
| 
| int
| main ()
| {
| return *(signal (0, 0)) (0) == 1;
|   ;
|   return 0;
| }
configure:9827: result: void
configure:9835: checking for size_t
configure:9865: ucfront-gcc arm-linux-elf-gcc  -c -O2 -g -fomit-frame-pointer -fno-common -fno-builtin -Wall  -mswp-byte-writes -DCONFIG_NDS_ROM8BIT -mcpu=arm946e-s -mfpu=fpe3 -DEMBED -D__PIC__ -fpic -msingle-pic-base -Dlinux -D__linux__ -Dunix -D__uClinux__  conftest.c >&5
configure:9871: $? = 0
configure:9886: result: yes
configure:9898: checking for off_t
configure:9928: ucfront-gcc arm-linux-elf-gcc  -c -O2 -g -fomit-frame-pointer -fno-common -fno-builtin -Wall  -mswp-byte-writes -DCONFIG_NDS_ROM8BIT -mcpu=arm946e-s -mfpu=fpe3 -DEMBED -D__PIC__ -fpic -msingle-pic-base -Dlinux -D__linux__ -Dunix -D__uClinux__  conftest.c >&5
configure:9934: $? = 0
configure:9949: result: yes
configure:10194: creating ./config.status

## ---------------------- ##
## Running config.status. ##
## ---------------------- ##

This file was extended by gzip config.status 1.3.12, which was
generated by GNU Autoconf 2.61.  Invocation command line was

  CONFIG_FILES    = 
  CONFIG_HEADERS  = 
  CONFIG_LINKS    = 
  CONFIG_COMMANDS = 
  $ ./config.status 

on jenkins

config.status:11012: creating Makefile
config.status:11012: creating doc/Makefile
config.status:11012: creating lib/Makefile
config.status:11012: creating lib/config.h
config.status:11339: executing depfiles commands

## ---------------- ##
## Cache variables. ##
## ---------------- ##

ac_cv_c_compiler_gnu='yes'
ac_cv_c_const='yes'
ac_cv_c_inline='inline'
ac_cv_c_restrict='__restrict'
ac_cv_env_CC_set='set'
ac_cv_env_CC_value='ucfront-gcc arm-linux-elf-gcc '
ac_cv_env_CFLAGS_set='set'
ac_cv_env_CFLAGS_value='-O2 -g -fomit-frame-pointer -fno-common -fno-builtin -Wall  -mswp-byte-writes -DCONFIG_NDS_ROM8BIT -mcpu=arm946e-s -mfpu=fpe3 -DEMBED -D__PIC__ -fpic -msingle-pic-base -Dlinux -D__linux__ -Dunix -D__uClinux__'
ac_cv_env_CPPFLAGS_set=''
ac_cv_env_CPPFLAGS_value=''
ac_cv_env_CPP_set=''
ac_cv_env_CPP_value=''
ac_cv_env_LDFLAGS_set='set'
ac_cv_env_LDFLAGS_value='-Wl,-elf2flt -D__PIC__ -fpic -msingle-pic-base -mswp-byte-writes'
ac_cv_env_LIBS_set=''
ac_cv_env_LIBS_value=''
ac_cv_env_build_alias_set=''
ac_cv_env_build_alias_value=''
ac_cv_env_host_alias_set='set'
ac_cv_env_host_alias_value='arm-linux-elf'
ac_cv_env_target_alias_set=''
ac_cv_env_target_alias_value=''
ac_cv_func_chown='yes'
ac_cv_func_fchmod='yes'
ac_cv_func_fchown='yes'
ac_cv_func_fdopendir='no'
ac_cv_func_futimes='no'
ac_cv_func_futimesat='no'
ac_cv_func_getopt_long_only='yes'
ac_cv_func_lstat='yes'
ac_cv_func_pipe='yes'
ac_cv_func_siginterrupt='yes'
ac_cv_func_strerror_r='no'
ac_cv_func_strerror_r_char_p='yes'
ac_cv_have_decl_getenv='yes'
ac_cv_have_decl_getopt_clip='no'
ac_cv_have_decl_mkdir='yes'
ac_cv_have_decl_optreset='no'
ac_cv_have_decl_strerror_r='yes'
ac_cv_header_dirent_dirent_h='yes'
ac_cv_header_fcntl_h='yes'
ac_cv_header_getopt_h='yes'
ac_cv_header_inttypes_h='yes'
ac_cv_header_limits_h='yes'
ac_cv_header_memory_h='yes'
ac_cv_header_minix_config_h='no'
ac_cv_header_stat_broken='no'
ac_cv_header_stdbool_h='yes'
ac_cv_header_stdc='yes'
ac_cv_header_stdint_h='yes'
ac_cv_header_stdlib_h='yes'
ac_cv_header_string_h='yes'
ac_cv_header_strings_h='yes'
ac_cv_header_sys_stat_h='yes'
ac_cv_header_sys_time_h='yes'
ac_cv_header_sys_types_h='yes'
ac_cv_header_time_h='yes'
ac_cv_header_unistd_h='yes'
ac_cv_header_utime_h='yes'
ac_cv_lib_error_at_line='yes'
ac_cv_member_struct_stat_st_atim_st__tim_tv_nsec='no'
ac_cv_member_struct_stat_st_atim_tv_nsec='no'
ac_cv_member_struct_stat_st_atimensec='no'
ac_cv_member_struct_stat_st_atimespec_tv_nsec='no'
ac_cv_member_struct_stat_st_birthtim_tv_nsec='no'
ac_cv_member_struct_stat_st_birthtimensec='no'
ac_cv_member_struct_stat_st_birthtimespec_tv_nsec='no'
ac_cv_objext='o'
ac_cv_path_EGREP='/bin/grep -E'
ac_cv_path_GREP='/bin/grep'
ac_cv_path_install='/usr/bin/install -c'
ac_cv_path_mkdir='/bin/mkdir'
ac_cv_path_shell='/bin/bash'
ac_cv_prog_AWK='gawk'
ac_cv_prog_CC='ucfront-gcc arm-linux-elf-gcc '
ac_cv_prog_CPP='ucfront-gcc arm-linux-elf-gcc  -E'
ac_cv_prog_NM='arm-linux-elf-nm'
ac_cv_prog_RANLIB='arm-linux-elf-ranlib'
ac_cv_prog_STRIP='arm-linux-elf-strip'
ac_cv_prog_cc_c89=''
ac_cv_prog_cc_c99='no'
ac_cv_prog_cc_g='yes'
ac_cv_prog_cc_stdc=''
ac_cv_prog_cc_ucfront_gcc_c_o='yes'
ac_cv_prog_make_make_set='yes'
ac_cv_safe_to_define___extensions__='yes'
ac_cv_search_opendir='none required'
ac_cv_search_strerror='none required'
ac_cv_type__Bool='yes'
ac_cv_type_off_t='yes'
ac_cv_type_signal='void'
ac_cv_type_size_t='yes'
am_cv_CC_dependencies_compiler_type='gcc3'
gl_cv_absolute_fcntl_h='///home/andrewec/dslinux/uClibc/include/fcntl.h'
gl_cv_absolute_stdlib_h='///home/andrewec/dslinux/uClibc/include/stdlib.h'
gl_cv_absolute_sys_stat_h='///home/andrewec/dslinux/uClibc/include/sys/stat.h'
gl_cv_absolute_sys_time_h='///home/andrewec/dslinux/uClibc/include/sys/time.h'
gl_cv_absolute_time_h='///home/andrewec/dslinux/uClibc/include/time.h'
gl_cv_absolute_unistd_h='///home/andrewec/dslinux/uClibc/include/unistd.h'
gl_cv_c_inline_effective='yes'
gl_cv_func_gnu_getopt='yes'
gl_cv_func_working_utimes='no'
gl_cv_header_working_fcntl_h='cross-compiling'
gl_cv_sys_struct_timespec_in_time_h='yes'
gl_cv_sys_struct_timeval='yes'
gl_cv_sys_struct_utimbuf='yes'
gzip_cv_assembler='no'
gzip_cv_underline='no'

## ----------------- ##
## Output variables. ##
## ----------------- ##

ABSOLUTE_FCNTL_H='"///home/andrewec/dslinux/uClibc/include/fcntl.h"'
ABSOLUTE_STDLIB_H='"///home/andrewec/dslinux/uClibc/include/stdlib.h"'
ABSOLUTE_SYS_STAT_H='"///home/andrewec/dslinux/uClibc/include/sys/stat.h"'
ABSOLUTE_SYS_TIME_H='"///home/andrewec/dslinux/uClibc/include/sys/time.h"'
ABSOLUTE_TIME_H='"///home/andrewec/dslinux/uClibc/include/time.h"'
ABSOLUTE_UNISTD_H='"///home/andrewec/dslinux/uClibc/include/unistd.h"'
ACLOCAL='${SHELL} /home/andrewec/dslinux/user/gzip/src/build-aux/missing --run aclocal-1.10'
AMDEPBACKSLASH='\'
AMDEP_FALSE='#'
AMDEP_TRUE=''
AMTAR='${SHELL} /home/andrewec/dslinux/user/gzip/src/build-aux/missing --run tar'
ASCPPFLAGS='-DNO_UNDERLINE'
ASCPPPOST='sed '\''/^ *#/d; s,//.*,,; s/% /%/g; s/\. /./g'\'''
ASFLAGS_config=''
AUTOCONF='${SHELL} /home/andrewec/dslinux/user/gzip/src/build-aux/missing --run autoconf'
AUTOHEADER='${SHELL} /home/andrewec/dslinux/user/gzip/src/build-aux/missing --run autoheader'
AUTOMAKE='${SHELL} /home/andrewec/dslinux/user/gzip/src/build-aux/missing --run automake-1.10'
AWK='gawk'
CC='ucfront-gcc arm-linux-elf-gcc '
CCDEPMODE='depmode=gcc3'
CFLAGS='-O2 -g -fomit-frame-pointer -fno-common -fno-builtin -Wall  -mswp-byte-writes -DCONFIG_NDS_ROM8BIT -mcpu=arm946e-s -mfpu=fpe3 -DEMBED -D__PIC__ -fpic -msingle-pic-base -Dlinux -D__linux__ -Dunix -D__uClinux__'
CPP='ucfront-gcc arm-linux-elf-gcc  -E'
CPPFLAGS=''
CYGPATH_W='echo'
DEFS='-DHAVE_CONFIG_H'
DEPDIR='.deps'
ECHO_C=''
ECHO_N='-n'
ECHO_T=''
EGREP='/bin/grep -E'
EXEEXT=''
FCNTL_H='fcntl.h'
GETOPT_H=''
GL_COND_LIBTOOL_FALSE=''
GL_COND_LIBTOOL_TRUE='#'
GNULIB_CHOWN='0'
GNULIB_DUP2='0'
GNULIB_FCHDIR='0'
GNULIB_FTRUNCATE='0'
GNULIB_GETCWD='0'
GNULIB_GETLOGIN_R='0'
GNULIB_GETSUBOPT='0'
GNULIB_MKDTEMP='0'
GNULIB_MKSTEMP='0'
GNULIB_READLINK='0'
GREP='/bin/grep'
HAVE_DECL_GETLOGIN_R='1'
HAVE_DUP2='1'
HAVE_FTRUNCATE='1'
HAVE_GETSUBOPT='1'
HAVE_MKDTEMP='1'
HAVE_READLINK='1'
HAVE_STRUCT_TIMEVAL='1'
HAVE_SYS_TIME_H='1'
HAVE_UNISTD_H='1'
HAVE__BOOL='1'
INSTALL_DATA='${INSTALL} -m 644'
INSTALL_PROGRAM='${INSTALL}'
INSTALL_SCRIPT='${INSTALL}'
INSTALL_STRIP_PROGRAM='$(install_sh) -c -s'
LDFLAGS='-Wl,-elf2flt -D__PIC__ -fpic -msingle-pic-base -mswp-byte-writes'
LIBGZIP_LIBDEPS=''
LIBGZIP_LTLIBDEPS=''
LIBINTL=''
LIBOBJS=''
LIBS=''
LN_S='ln -s'
LTLIBINTL=''
LTLIBOBJS=''
MAKEINFO='${SHELL} /home/andrewec/dslinux/user/gzip/src/build-aux/missing --run makeinfo'
NM='arm-linux-elf-nm'
OBJEXT='o'
PACKAGE='gzip'
PACKAGE_BUGREPORT='bug-gzip@gnu.org'
PACKAGE_NAME='gzip'
PACKAGE_STRING='gzip 1.3.12'
PACKAGE_TARNAME='gzip'
PACKAGE_VERSION='1.3.12'
PATH_SEPARATOR=':'
RANLIB='arm-linux-elf-ranlib'
REPLACE_CHOWN='0'
REPLACE_FCHDIR='0'
REPLACE_GETCWD='0'
REPLACE_GETTIMEOFDAY='0'
REPLACE_LOCALTIME_R='GNULIB_PORTCHECK'
REPLACE_MKSTEMP='0'
REPLACE_NANOSLEEP='GNULIB_PORTCHECK'
REPLACE_STRPTIME='GNULIB_PORTCHECK'
REPLACE_TIMEGM='GNULIB_PORTCHECK'
SET_MAKE=''
SHELL='/bin/bash'
STDBOOL_H=''
STRIP='arm-linux-elf-strip'
SYS_STAT_H='sys/stat.h'
SYS_TIME_H=''
SYS_TIME_H_DEFINES_STRUCT_TIMESPEC='0'
TIME_H_DEFINES_STRUCT_TIMESPEC='1'
VERSION='1.3.12'
ac_ct_CC=''
ac_prefix_program=''
am__fastdepCC_FALSE='#'
am__fastdepCC_TRUE=''
am__include='include'
am__isrc=''
am__leading_dot='.'
am__quote=''
am__tar='${AMTAR} chof - "$$tardir"'
am__untar='${AMTAR} xf -'
bindir='${exec_prefix}/bin'
build_alias=''
datadir='${datarootdir}'
datarootdir='${prefix}/share'
docdir='${datarootdir}/doc/${PACKAGE_TARNAME}'
dvidir='${docdir}'
exec_prefix='${prefix}'
gl_LIBOBJS=' creat-safer.o dup-safer.o exitfail.o fd-safer.o open-safer.o pipe-safer.o utimens.o xmalloc.o yesno.o'
gl_LTLIBOBJS=' creat-safer.lo dup-safer.lo exitfail.lo fd-safer.lo open-safer.lo pipe-safer.lo utimens.lo xmalloc.lo yesno.lo'
host_alias='arm-linux-elf'
htmldir='${docdir}'
includedir='${prefix}/include'
infodir='${datarootdir}/info'
install_sh='$(SHELL) /home/andrewec/dslinux/user/gzip/src/build-aux/install-sh'
libdir='${exec_prefix}/lib'
libexecdir='${exec_prefix}/libexec'
localedir='${datarootdir}/locale'
localstatedir='${prefix}/var'
mandir='${datarootdir}/man'
mkdir_p='/bin/mkdir -p'
oldincludedir='/usr/include'
pdfdir='${docdir}'
prefix='/nonexistent'
program_transform_name='s,x,x,'
psdir='${docdir}'
sbindir='${exec_prefix}/sbin'
sharedstatedir='${prefix}/com'
sysconfdir='${prefix}/etc'
target_alias=''

## ----------- ##
## confdefs.h. ##
## ----------- ##

#define PACKAGE_NAME "gzip"
#define PACKAGE_TARNAME "gzip"
#define PACKAGE_VERSION "1.3.12"
#define PACKAGE_STRING "gzip 1.3.12"
#define PACKAGE_BUGREPORT "bug-gzip@gnu.org"
#define PACKAGE "gzip"
#define VERSION "1.3.12"
#define _GNU_SOURCE 1
#define STDC_HEADERS 1
#define HAVE_SYS_TYPES_H 1
#define HAVE_SYS_STAT_H 1
#define HAVE_STDLIB_H 1
#define HAVE_STRING_H 1
#define HAVE_MEMORY_H 1
#define HAVE_STRINGS_H 1
#define HAVE_INTTYPES_H 1
#define HAVE_STDINT_H 1
#define HAVE_UNISTD_H 1
#define __EXTENSIONS__ 1
#define _POSIX_PTHREAD_SEMANTICS 1
#define _TANDEM_SOURCE 1
#define HAVE_DECL_STRERROR_R 1
#define STRERROR_R_CHAR_P 1
#define HAVE_FCNTL_H 1
#define HAVE_SYS_TIME_H 1
#define HAVE_STDLIB_H 1
#define HAVE_SYS_STAT_H 1
#define HAVE_TIME_H 1
#define HAVE_UNISTD_H 1
#define HAVE_UTIME_H 1
#define HAVE_LIMITS_H 1
#define HAVE_MEMORY_H 1
#define HAVE_GETOPT_H 1
#define HAVE_GETOPT_LONG_ONLY 1
#define HAVE_DECL_GETENV 1
#define HAVE__BOOL 1
#define HAVE_STDBOOL_H 1
#define HAVE_LSTAT 1
#define HAVE_PIPE 1
#define HAVE_CHOWN 1
#define HAVE_FCHMOD 1
#define HAVE_FCHOWN 1
#define HAVE_SIGINTERRUPT 1
#define restrict __restrict
#define ABSOLUTE_SYS_TIME_H "///home/andrewec/dslinux/uClibc/include/sys/time.h"
#define ABSOLUTE_TIME_H "///home/andrewec/dslinux/uClibc/include/time.h"
#define HAVE_STRUCT_UTIMBUF 1
#define HAVE_WORKING_O_NOATIME 0
#define HAVE_WORKING_O_NOFOLLOW 0
#define ABSOLUTE_FCNTL_H "///home/andrewec/dslinux/uClibc/include/fcntl.h"
#define GNULIB_FCNTL_SAFER 1
#define HAVE_INLINE 1
#define ABSOLUTE_STDLIB_H "///home/andrewec/dslinux/uClibc/include/stdlib.h"
#define HAVE_DECL_MKDIR 1
#define ABSOLUTE_SYS_STAT_H "///home/andrewec/dslinux/uClibc/include/sys/stat.h"
#define ABSOLUTE_UNISTD_H "///home/andrewec/dslinux/uClibc/include/unistd.h"
#define STDC_HEADERS 1
#define HAVE_DIRENT_H 1
#define RETSIGTYPE void

configure: exit 0
